0 info it worked if it ends with ok
1 verbose cli [ 'C:\\Program Files\\nodejs\\node.exe',
1 verbose cli   'C:\\Program Files\\nodejs\\node_modules\\npm\\bin\\npm-cli.js',
1 verbose cli   'install',
1 verbose cli   'bcrypt',
1 verbose cli   '--save' ]
2 info using npm@3.8.3
3 info using node@v5.10.0
4 silly loadCurrentTree Starting
5 silly install loadCurrentTree
6 silly install readLocalPackageData
7 silly fetchPackageMetaData bcrypt@^0.8.5
8 silly fetchNamedPackageData bcrypt
9 silly mapToRegistry name bcrypt
10 silly mapToRegistry using default registry
11 silly mapToRegistry registry https://registry.npmjs.org/
12 silly mapToRegistry data Result {
12 silly mapToRegistry   raw: 'bcrypt',
12 silly mapToRegistry   scope: null,
12 silly mapToRegistry   name: 'bcrypt',
12 silly mapToRegistry   rawSpec: '',
12 silly mapToRegistry   spec: 'latest',
12 silly mapToRegistry   type: 'tag' }
13 silly mapToRegistry uri https://registry.npmjs.org/bcrypt
14 verbose request uri https://registry.npmjs.org/bcrypt
15 verbose request no auth needed
16 info attempt registry request try #1 at 08:20:25
17 verbose request id 5e9e8a1cceb018f8
18 verbose etag "4DL2KVR8GU02L3AXLD33PQXUW"
19 http request GET https://registry.npmjs.org/bcrypt
20 http 304 https://registry.npmjs.org/bcrypt
21 verbose headers { date: 'Mon, 11 Apr 2016 23:20:26 GMT',
21 verbose headers   via: '1.1 varnish',
21 verbose headers   'cache-control': 'max-age=300',
21 verbose headers   etag: '"4DL2KVR8GU02L3AXLD33PQXUW"',
21 verbose headers   age: '151',
21 verbose headers   connection: 'keep-alive',
21 verbose headers   'x-served-by': 'cache-nrt6121-NRT',
21 verbose headers   'x-cache': 'HIT',
21 verbose headers   'x-cache-hits': '1',
21 verbose headers   'x-timer': 'S1460416826.232216,VS0,VE0',
21 verbose headers   vary: 'Accept-Encoding' }
22 silly get cb [ 304,
22 silly get   { date: 'Mon, 11 Apr 2016 23:20:26 GMT',
22 silly get     via: '1.1 varnish',
22 silly get     'cache-control': 'max-age=300',
22 silly get     etag: '"4DL2KVR8GU02L3AXLD33PQXUW"',
22 silly get     age: '151',
22 silly get     connection: 'keep-alive',
22 silly get     'x-served-by': 'cache-nrt6121-NRT',
22 silly get     'x-cache': 'HIT',
22 silly get     'x-cache-hits': '1',
22 silly get     'x-timer': 'S1460416826.232216,VS0,VE0',
22 silly get     vary: 'Accept-Encoding' } ]
23 verbose etag https://registry.npmjs.org/bcrypt from cache
24 verbose get saving bcrypt to C:\Users\Nuggets.David\AppData\Roaming\npm-cache\registry.npmjs.org\bcrypt\.cache.json
25 verbose correctMkdir C:\Users\Nuggets.David\AppData\Roaming\npm-cache correctMkdir not in flight; initializing
26 silly install normalizeTree
27 silly loadCurrentTree Finishing
28 silly loadIdealTree Starting
29 silly install loadIdealTree
30 silly cloneCurrentTree Starting
31 silly install cloneCurrentTreeToIdealTree
32 silly cloneCurrentTree Finishing
33 silly loadShrinkwrap Starting
34 silly install loadShrinkwrap
35 silly loadShrinkwrap Finishing
36 silly loadAllDepsIntoIdealTree Starting
37 silly install loadAllDepsIntoIdealTree
38 silly resolveWithNewModule bcrypt@0.8.5 checking installable status
39 silly cache add args [ 'bcrypt@^0.8.5', null ]
40 verbose cache add spec bcrypt@^0.8.5
41 silly cache add parsed spec Result {
41 silly cache add   raw: 'bcrypt@^0.8.5',
41 silly cache add   scope: null,
41 silly cache add   name: 'bcrypt',
41 silly cache add   rawSpec: '^0.8.5',
41 silly cache add   spec: '>=0.8.5 <0.9.0',
41 silly cache add   type: 'range' }
42 silly addNamed bcrypt@>=0.8.5 <0.9.0
43 verbose addNamed ">=0.8.5 <0.9.0" is a valid semver range for bcrypt
44 silly addNameRange { name: 'bcrypt', range: '>=0.8.5 <0.9.0', hasData: false }
45 silly mapToRegistry name bcrypt
46 silly mapToRegistry using default registry
47 silly mapToRegistry registry https://registry.npmjs.org/
48 silly mapToRegistry data Result {
48 silly mapToRegistry   raw: 'bcrypt',
48 silly mapToRegistry   scope: null,
48 silly mapToRegistry   name: 'bcrypt',
48 silly mapToRegistry   rawSpec: '',
48 silly mapToRegistry   spec: 'latest',
48 silly mapToRegistry   type: 'tag' }
49 silly mapToRegistry uri https://registry.npmjs.org/bcrypt
50 verbose addNameRange registry:https://registry.npmjs.org/bcrypt not in flight; fetching
51 verbose get https://registry.npmjs.org/bcrypt not expired, no request
52 silly addNameRange number 2 { name: 'bcrypt', range: '>=0.8.5 <0.9.0', hasData: true }
53 silly addNameRange versions [ 'bcrypt',
53 silly addNameRange   [ '0.1.2',
53 silly addNameRange     '0.2.0',
53 silly addNameRange     '0.2.1',
53 silly addNameRange     '0.1.3',
53 silly addNameRange     '0.2.2',
53 silly addNameRange     '0.2.3',
53 silly addNameRange     '0.2.4',
53 silly addNameRange     '0.3.0',
53 silly addNameRange     '0.3.1',
53 silly addNameRange     '0.3.2',
53 silly addNameRange     '0.4.0',
53 silly addNameRange     '0.4.1',
53 silly addNameRange     '0.5.0',
53 silly addNameRange     '0.6.0',
53 silly addNameRange     '0.7.0',
53 silly addNameRange     '0.7.1',
53 silly addNameRange     '0.7.2',
53 silly addNameRange     '0.7.3',
53 silly addNameRange     '0.7.4',
53 silly addNameRange     '0.7.5',
53 silly addNameRange     '0.7.6',
53 silly addNameRange     '0.7.7',
53 silly addNameRange     '0.7.8',
53 silly addNameRange     '0.8.0',
53 silly addNameRange     '0.8.1',
53 silly addNameRange     '0.8.2',
53 silly addNameRange     '0.8.3',
53 silly addNameRange     '0.8.4',
53 silly addNameRange     '0.8.5' ] ]
54 silly addNamed bcrypt@0.8.5
55 verbose addNamed "0.8.5" is a plain semver version for bcrypt
56 silly cache afterAdd bcrypt@0.8.5
57 verbose afterAdd C:\Users\Nuggets.David\AppData\Roaming\npm-cache\bcrypt\0.8.5\package\package.json not in flight; writing
58 verbose correctMkdir C:\Users\Nuggets.David\AppData\Roaming\npm-cache correctMkdir not in flight; initializing
59 verbose afterAdd C:\Users\Nuggets.David\AppData\Roaming\npm-cache\bcrypt\0.8.5\package\package.json written
60 silly fetchNamedPackageData bindings
61 silly mapToRegistry name bindings
62 silly mapToRegistry using default registry
63 silly mapToRegistry registry https://registry.npmjs.org/
64 silly mapToRegistry data Result {
64 silly mapToRegistry   raw: 'bindings',
64 silly mapToRegistry   scope: null,
64 silly mapToRegistry   name: 'bindings',
64 silly mapToRegistry   rawSpec: '',
64 silly mapToRegistry   spec: 'latest',
64 silly mapToRegistry   type: 'tag' }
65 silly mapToRegistry uri https://registry.npmjs.org/bindings
66 silly fetchNamedPackageData nan
67 silly mapToRegistry name nan
68 silly mapToRegistry using default registry
69 silly mapToRegistry registry https://registry.npmjs.org/
70 silly mapToRegistry data Result {
70 silly mapToRegistry   raw: 'nan',
70 silly mapToRegistry   scope: null,
70 silly mapToRegistry   name: 'nan',
70 silly mapToRegistry   rawSpec: '',
70 silly mapToRegistry   spec: 'latest',
70 silly mapToRegistry   type: 'tag' }
71 silly mapToRegistry uri https://registry.npmjs.org/nan
72 verbose request uri https://registry.npmjs.org/bindings
73 verbose request no auth needed
74 info attempt registry request try #1 at 08:20:26
75 verbose etag "1LLBF9OH58DLBEL4629U6032D"
76 http request GET https://registry.npmjs.org/bindings
77 verbose request uri https://registry.npmjs.org/nan
78 verbose request no auth needed
79 info attempt registry request try #1 at 08:20:26
80 verbose etag "2UZKQOUIL0TMX4WY7FZ5Q5HJQ"
81 http request GET https://registry.npmjs.org/nan
82 http 304 https://registry.npmjs.org/bindings
83 verbose headers { date: 'Mon, 11 Apr 2016 23:20:26 GMT',
83 verbose headers   via: '1.1 varnish',
83 verbose headers   'cache-control': 'max-age=300',
83 verbose headers   etag: '"1LLBF9OH58DLBEL4629U6032D"',
83 verbose headers   age: '150',
83 verbose headers   connection: 'keep-alive',
83 verbose headers   'x-served-by': 'cache-nrt6121-NRT',
83 verbose headers   'x-cache': 'HIT',
83 verbose headers   'x-cache-hits': '1',
83 verbose headers   'x-timer': 'S1460416826.560266,VS0,VE0',
83 verbose headers   vary: 'Accept-Encoding' }
84 silly get cb [ 304,
84 silly get   { date: 'Mon, 11 Apr 2016 23:20:26 GMT',
84 silly get     via: '1.1 varnish',
84 silly get     'cache-control': 'max-age=300',
84 silly get     etag: '"1LLBF9OH58DLBEL4629U6032D"',
84 silly get     age: '150',
84 silly get     connection: 'keep-alive',
84 silly get     'x-served-by': 'cache-nrt6121-NRT',
84 silly get     'x-cache': 'HIT',
84 silly get     'x-cache-hits': '1',
84 silly get     'x-timer': 'S1460416826.560266,VS0,VE0',
84 silly get     vary: 'Accept-Encoding' } ]
85 verbose etag https://registry.npmjs.org/bindings from cache
86 verbose get saving bindings to C:\Users\Nuggets.David\AppData\Roaming\npm-cache\registry.npmjs.org\bindings\.cache.json
87 verbose correctMkdir C:\Users\Nuggets.David\AppData\Roaming\npm-cache correctMkdir not in flight; initializing
88 silly resolveWithNewModule bindings@1.2.1 checking installable status
89 silly cache add args [ 'bindings@1.2.1', null ]
90 verbose cache add spec bindings@1.2.1
91 silly cache add parsed spec Result {
91 silly cache add   raw: 'bindings@1.2.1',
91 silly cache add   scope: null,
91 silly cache add   name: 'bindings',
91 silly cache add   rawSpec: '1.2.1',
91 silly cache add   spec: '1.2.1',
91 silly cache add   type: 'version' }
92 silly addNamed bindings@1.2.1
93 verbose addNamed "1.2.1" is a plain semver version for bindings
94 silly mapToRegistry name bindings
95 silly mapToRegistry using default registry
96 silly mapToRegistry registry https://registry.npmjs.org/
97 silly mapToRegistry data Result {
97 silly mapToRegistry   raw: 'bindings',
97 silly mapToRegistry   scope: null,
97 silly mapToRegistry   name: 'bindings',
97 silly mapToRegistry   rawSpec: '',
97 silly mapToRegistry   spec: 'latest',
97 silly mapToRegistry   type: 'tag' }
98 silly mapToRegistry uri https://registry.npmjs.org/bindings
99 verbose addNameVersion registry:https://registry.npmjs.org/bindings not in flight; fetching
100 verbose get https://registry.npmjs.org/bindings not expired, no request
101 silly cache afterAdd bindings@1.2.1
102 verbose afterAdd C:\Users\Nuggets.David\AppData\Roaming\npm-cache\bindings\1.2.1\package\package.json not in flight; writing
103 verbose correctMkdir C:\Users\Nuggets.David\AppData\Roaming\npm-cache correctMkdir not in flight; initializing
104 verbose afterAdd C:\Users\Nuggets.David\AppData\Roaming\npm-cache\bindings\1.2.1\package\package.json written
105 http 304 https://registry.npmjs.org/nan
106 verbose headers { date: 'Mon, 11 Apr 2016 23:20:26 GMT',
106 verbose headers   via: '1.1 varnish',
106 verbose headers   'cache-control': 'max-age=300',
106 verbose headers   etag: '"2UZKQOUIL0TMX4WY7FZ5Q5HJQ"',
106 verbose headers   age: '150',
106 verbose headers   connection: 'keep-alive',
106 verbose headers   'x-served-by': 'cache-nrt6135-NRT',
106 verbose headers   'x-cache': 'HIT',
106 verbose headers   'x-cache-hits': '2',
106 verbose headers   'x-timer': 'S1460416826.635390,VS0,VE0',
106 verbose headers   vary: 'Accept-Encoding' }
107 silly get cb [ 304,
107 silly get   { date: 'Mon, 11 Apr 2016 23:20:26 GMT',
107 silly get     via: '1.1 varnish',
107 silly get     'cache-control': 'max-age=300',
107 silly get     etag: '"2UZKQOUIL0TMX4WY7FZ5Q5HJQ"',
107 silly get     age: '150',
107 silly get     connection: 'keep-alive',
107 silly get     'x-served-by': 'cache-nrt6135-NRT',
107 silly get     'x-cache': 'HIT',
107 silly get     'x-cache-hits': '2',
107 silly get     'x-timer': 'S1460416826.635390,VS0,VE0',
107 silly get     vary: 'Accept-Encoding' } ]
108 verbose etag https://registry.npmjs.org/nan from cache
109 verbose get saving nan to C:\Users\Nuggets.David\AppData\Roaming\npm-cache\registry.npmjs.org\nan\.cache.json
110 verbose correctMkdir C:\Users\Nuggets.David\AppData\Roaming\npm-cache correctMkdir not in flight; initializing
111 silly resolveWithNewModule nan@2.0.5 checking installable status
112 silly cache add args [ 'nan@2.0.5', null ]
113 verbose cache add spec nan@2.0.5
114 silly cache add parsed spec Result {
114 silly cache add   raw: 'nan@2.0.5',
114 silly cache add   scope: null,
114 silly cache add   name: 'nan',
114 silly cache add   rawSpec: '2.0.5',
114 silly cache add   spec: '2.0.5',
114 silly cache add   type: 'version' }
115 silly addNamed nan@2.0.5
116 verbose addNamed "2.0.5" is a plain semver version for nan
117 silly mapToRegistry name nan
118 silly mapToRegistry using default registry
119 silly mapToRegistry registry https://registry.npmjs.org/
120 silly mapToRegistry data Result {
120 silly mapToRegistry   raw: 'nan',
120 silly mapToRegistry   scope: null,
120 silly mapToRegistry   name: 'nan',
120 silly mapToRegistry   rawSpec: '',
120 silly mapToRegistry   spec: 'latest',
120 silly mapToRegistry   type: 'tag' }
121 silly mapToRegistry uri https://registry.npmjs.org/nan
122 verbose addNameVersion registry:https://registry.npmjs.org/nan not in flight; fetching
123 verbose get https://registry.npmjs.org/nan not expired, no request
124 silly cache afterAdd nan@2.0.5
125 verbose afterAdd C:\Users\Nuggets.David\AppData\Roaming\npm-cache\nan\2.0.5\package\package.json not in flight; writing
126 verbose correctMkdir C:\Users\Nuggets.David\AppData\Roaming\npm-cache correctMkdir not in flight; initializing
127 verbose afterAdd C:\Users\Nuggets.David\AppData\Roaming\npm-cache\nan\2.0.5\package\package.json written
128 silly loadAllDepsIntoIdealTree Finishing
129 silly idealTree:prePrune hrr14-athena@1.0.0
129 silly idealTree:prePrune +-- abbrev@1.0.7
129 silly idealTree:prePrune +-- accepts@1.2.13
129 silly idealTree:prePrune +-- align-text@0.1.4
129 silly idealTree:prePrune +-- amdefine@1.0.0
129 silly idealTree:prePrune +-- ansi-regex@2.0.0
129 silly idealTree:prePrune +-- ansi-styles@2.2.1
129 silly idealTree:prePrune +-- ansi@0.3.1
129 silly idealTree:prePrune +-- ap@0.2.0
129 silly idealTree:prePrune +-- are-we-there-yet@1.1.2
129 silly idealTree:prePrune +-- argparse@1.0.7
129 silly idealTree:prePrune +-- array-find-index@1.0.1
129 silly idealTree:prePrune +-- array-flatten@1.1.1
129 silly idealTree:prePrune +-- array-index@1.0.0
129 silly idealTree:prePrune +-- asn1@0.2.3
129 silly idealTree:prePrune +-- assert-plus@0.2.0
129 silly idealTree:prePrune +-- async-foreach@0.1.3
129 silly idealTree:prePrune +-- async@1.5.2
129 silly idealTree:prePrune +-- autoprefixer-core@5.2.1
129 silly idealTree:prePrune +-- aws-sign2@0.6.0
129 silly idealTree:prePrune +-- aws4@1.3.2
129 silly idealTree:prePrune | `-- lru-cache@4.0.1
129 silly idealTree:prePrune +-- babel-runtime@6.6.1
129 silly idealTree:prePrune +-- balanced-match@0.3.0
129 silly idealTree:prePrune +-- basic-auth@1.0.3
129 silly idealTree:prePrune +-- bcrypt@0.8.5
129 silly idealTree:prePrune | `-- nan@2.0.5
129 silly idealTree:prePrune +-- bindings@1.2.1
129 silly idealTree:prePrune +-- bl@1.1.2
129 silly idealTree:prePrune | +-- isarray@1.0.0
129 silly idealTree:prePrune | `-- readable-stream@2.0.6
129 silly idealTree:prePrune +-- block-stream@0.0.8
129 silly idealTree:prePrune +-- bluebird@2.10.2
129 silly idealTree:prePrune +-- body-parser@1.15.0
129 silly idealTree:prePrune | +-- http-errors@1.4.0
129 silly idealTree:prePrune | `-- qs@6.1.0
129 silly idealTree:prePrune +-- bookshelf@0.9.4
129 silly idealTree:prePrune +-- boom@2.10.1
129 silly idealTree:prePrune +-- brace-expansion@1.1.3
129 silly idealTree:prePrune +-- browserify-zlib@0.1.4
129 silly idealTree:prePrune +-- browserslist@0.4.0
129 silly idealTree:prePrune +-- buffer-writer@1.0.1
129 silly idealTree:prePrune +-- builtin-modules@1.1.1
129 silly idealTree:prePrune +-- bytes@2.2.0
129 silly idealTree:prePrune +-- camelcase-keys@2.1.0
129 silly idealTree:prePrune +-- camelcase@2.1.1
129 silly idealTree:prePrune +-- caniuse-db@1.0.30000449
129 silly idealTree:prePrune +-- caseless@0.11.0
129 silly idealTree:prePrune +-- center-align@0.1.3
129 silly idealTree:prePrune +-- chalk@1.1.3
129 silly idealTree:prePrune +-- cli@0.6.6
129 silly idealTree:prePrune | +-- glob@3.2.11
129 silly idealTree:prePrune | `-- minimatch@0.3.0
129 silly idealTree:prePrune +-- cliui@2.1.0
129 silly idealTree:prePrune +-- coffee-script@1.10.0
129 silly idealTree:prePrune +-- colors@1.1.2
129 silly idealTree:prePrune +-- combined-stream@1.0.5
129 silly idealTree:prePrune +-- commander@2.9.0
129 silly idealTree:prePrune +-- concat-map@0.0.1
129 silly idealTree:prePrune +-- concat-stream@1.5.1
129 silly idealTree:prePrune | +-- isarray@1.0.0
129 silly idealTree:prePrune | `-- readable-stream@2.0.6
129 silly idealTree:prePrune +-- config-chain@1.1.10
129 silly idealTree:prePrune +-- console-browserify@1.1.0
129 silly idealTree:prePrune +-- content-disposition@0.5.1
129 silly idealTree:prePrune +-- content-type@1.0.1
129 silly idealTree:prePrune +-- cookie-signature@1.0.6
129 silly idealTree:prePrune +-- cookie@0.1.5
129 silly idealTree:prePrune +-- core-js@2.2.2
129 silly idealTree:prePrune +-- core-util-is@1.0.2
129 silly idealTree:prePrune +-- create-error@0.3.1
129 silly idealTree:prePrune +-- cross-spawn-async@2.2.1
129 silly idealTree:prePrune | `-- lru-cache@4.0.1
129 silly idealTree:prePrune +-- cross-spawn@2.2.0
129 silly idealTree:prePrune +-- cryptiles@2.0.5
129 silly idealTree:prePrune +-- d@0.1.1
129 silly idealTree:prePrune +-- dashdash@1.13.0
129 silly idealTree:prePrune | `-- assert-plus@1.0.0
129 silly idealTree:prePrune +-- date-now@0.1.4
129 silly idealTree:prePrune +-- dateformat@1.0.12
129 silly idealTree:prePrune +-- debug@2.2.0
129 silly idealTree:prePrune +-- decamelize@1.2.0
129 silly idealTree:prePrune +-- delayed-stream@1.0.0
129 silly idealTree:prePrune +-- delegates@1.0.0
129 silly idealTree:prePrune +-- depd@1.1.0
129 silly idealTree:prePrune +-- destroy@1.0.4
129 silly idealTree:prePrune +-- diff@1.3.2
129 silly idealTree:prePrune +-- dom-serializer@0.1.0
129 silly idealTree:prePrune | +-- domelementtype@1.1.3
129 silly idealTree:prePrune | `-- entities@1.1.1
129 silly idealTree:prePrune +-- domelementtype@1.3.0
129 silly idealTree:prePrune +-- domhandler@2.3.0
129 silly idealTree:prePrune +-- domutils@1.5.1
129 silly idealTree:prePrune +-- double-ended-queue@2.1.0-0
129 silly idealTree:prePrune +-- each-async@1.1.1
129 silly idealTree:prePrune +-- ecc-jsbn@0.1.1
129 silly idealTree:prePrune +-- ee-first@1.1.1
129 silly idealTree:prePrune +-- entities@1.0.0
129 silly idealTree:prePrune +-- error-ex@1.3.0
129 silly idealTree:prePrune +-- es5-ext@0.10.11
129 silly idealTree:prePrune +-- es6-iterator@2.0.0
129 silly idealTree:prePrune +-- es6-promise@2.3.0
129 silly idealTree:prePrune +-- es6-symbol@3.0.2
129 silly idealTree:prePrune +-- escape-html@1.0.3
129 silly idealTree:prePrune +-- escape-string-regexp@1.0.5
129 silly idealTree:prePrune +-- esprima@2.7.2
129 silly idealTree:prePrune +-- etag@1.7.0
129 silly idealTree:prePrune +-- eventemitter2@0.4.14
129 silly idealTree:prePrune +-- exit@0.1.2
129 silly idealTree:prePrune +-- express@4.13.4
129 silly idealTree:prePrune +-- extend@3.0.0
129 silly idealTree:prePrune +-- extsprintf@1.0.2
129 silly idealTree:prePrune +-- faye-websocket@0.10.0
129 silly idealTree:prePrune +-- figures@1.5.0
129 silly idealTree:prePrune +-- finalhandler@0.4.1
129 silly idealTree:prePrune +-- find-up@1.1.2
129 silly idealTree:prePrune +-- findup-sync@0.3.0
129 silly idealTree:prePrune | `-- glob@5.0.15
129 silly idealTree:prePrune +-- flagged-respawn@0.3.2
129 silly idealTree:prePrune +-- forever-agent@0.6.1
129 silly idealTree:prePrune +-- form-data@1.0.0-rc4
129 silly idealTree:prePrune +-- forwarded@0.1.0
129 silly idealTree:prePrune +-- fresh@0.3.0
129 silly idealTree:prePrune +-- fstream@1.0.8
129 silly idealTree:prePrune +-- gauge@1.2.7
129 silly idealTree:prePrune +-- gaze@1.0.0
129 silly idealTree:prePrune +-- generate-function@2.0.0
129 silly idealTree:prePrune +-- generate-object-property@1.2.0
129 silly idealTree:prePrune +-- generic-pool@2.1.1
129 silly idealTree:prePrune +-- get-stdin@4.0.1
129 silly idealTree:prePrune +-- getobject@0.1.0
129 silly idealTree:prePrune +-- glob@7.0.3
129 silly idealTree:prePrune +-- globule@0.2.0
129 silly idealTree:prePrune | +-- glob@3.2.11
129 silly idealTree:prePrune | | `-- minimatch@0.3.0
129 silly idealTree:prePrune | +-- lodash@2.4.2
129 silly idealTree:prePrune | `-- minimatch@0.2.14
129 silly idealTree:prePrune +-- graceful-fs@4.1.3
129 silly idealTree:prePrune +-- graceful-readlink@1.0.1
129 silly idealTree:prePrune +-- grunt-autoprefixer@3.0.4
129 silly idealTree:prePrune | +-- ansi-regex@1.1.1
129 silly idealTree:prePrune | +-- chalk@1.0.0
129 silly idealTree:prePrune | +-- has-ansi@1.0.3
129 silly idealTree:prePrune | +-- strip-ansi@2.0.1
129 silly idealTree:prePrune | `-- supports-color@1.3.1
129 silly idealTree:prePrune +-- grunt-cli@1.2.0
129 silly idealTree:prePrune +-- grunt-contrib-jshint@1.0.0
129 silly idealTree:prePrune +-- grunt-contrib-uglify@1.0.1
129 silly idealTree:prePrune | `-- lodash@4.8.2
129 silly idealTree:prePrune +-- grunt-contrib-watch@1.0.0
129 silly idealTree:prePrune +-- grunt-known-options@1.1.0
129 silly idealTree:prePrune +-- grunt-legacy-log-utils@1.0.0
129 silly idealTree:prePrune | `-- lodash@4.3.0
129 silly idealTree:prePrune +-- grunt-legacy-log@1.0.0
129 silly idealTree:prePrune +-- grunt-legacy-util@1.0.0
129 silly idealTree:prePrune | `-- lodash@4.3.0
129 silly idealTree:prePrune +-- grunt-sass@1.1.0
129 silly idealTree:prePrune +-- grunt-targethtml@0.2.6
129 silly idealTree:prePrune | `-- esprima@1.0.4
129 silly idealTree:prePrune +-- grunt@1.0.1
129 silly idealTree:prePrune +-- gzip-size@1.0.0
129 silly idealTree:prePrune +-- har-validator@2.0.6
129 silly idealTree:prePrune +-- has-ansi@2.0.0
129 silly idealTree:prePrune +-- has-unicode@2.0.0
129 silly idealTree:prePrune +-- hashmap@2.0.4
129 silly idealTree:prePrune +-- hawk@3.1.3
129 silly idealTree:prePrune +-- hoek@2.16.3
129 silly idealTree:prePrune +-- hooker@0.2.3
129 silly idealTree:prePrune +-- hosted-git-info@2.1.4
129 silly idealTree:prePrune +-- htmlparser2@3.8.3
129 silly idealTree:prePrune +-- http-errors@1.3.1
129 silly idealTree:prePrune +-- http-signature@1.1.1
129 silly idealTree:prePrune +-- iconv-lite@0.4.13
129 silly idealTree:prePrune +-- indent-string@2.1.0
129 silly idealTree:prePrune +-- inflection@1.9.0
129 silly idealTree:prePrune +-- inflight@1.0.4
129 silly idealTree:prePrune +-- inherits@2.0.1
129 silly idealTree:prePrune +-- ini@1.3.4
129 silly idealTree:prePrune +-- interpret@0.6.6
129 silly idealTree:prePrune +-- ipaddr.js@1.0.5
129 silly idealTree:prePrune +-- is-absolute@0.1.7
129 silly idealTree:prePrune +-- is-arrayish@0.2.1
129 silly idealTree:prePrune +-- is-buffer@1.1.3
129 silly idealTree:prePrune +-- is-builtin-module@1.0.0
129 silly idealTree:prePrune +-- is-finite@1.0.1
129 silly idealTree:prePrune +-- is-my-json-valid@2.13.1
129 silly idealTree:prePrune +-- is-property@1.0.2
129 silly idealTree:prePrune +-- is-relative@0.1.3
129 silly idealTree:prePrune +-- is-typedarray@1.0.0
129 silly idealTree:prePrune +-- is-utf8@0.2.1
129 silly idealTree:prePrune +-- isarray@0.0.1
129 silly idealTree:prePrune +-- isexe@1.1.2
129 silly idealTree:prePrune +-- isstream@0.1.2
129 silly idealTree:prePrune +-- jodid25519@1.0.2
129 silly idealTree:prePrune +-- js-base64@2.1.9
129 silly idealTree:prePrune +-- js-yaml@3.5.5
129 silly idealTree:prePrune +-- jsbn@0.1.0
129 silly idealTree:prePrune +-- jshint@2.9.1
129 silly idealTree:prePrune | +-- lodash@3.7.0
129 silly idealTree:prePrune | `-- minimatch@2.0.10
129 silly idealTree:prePrune +-- json-schema@0.2.2
129 silly idealTree:prePrune +-- json-stringify-safe@5.0.1
129 silly idealTree:prePrune +-- jsonpointer@2.0.0
129 silly idealTree:prePrune +-- jsprim@1.2.2
129 silly idealTree:prePrune +-- kind-of@3.0.2
129 silly idealTree:prePrune +-- knex@0.10.0
129 silly idealTree:prePrune | `-- minimist@1.1.3
129 silly idealTree:prePrune +-- lazy-cache@1.0.3
129 silly idealTree:prePrune +-- liftoff@2.0.3
129 silly idealTree:prePrune | +-- extend@2.0.1
129 silly idealTree:prePrune | +-- findup-sync@0.2.1
129 silly idealTree:prePrune | +-- glob@4.3.5
129 silly idealTree:prePrune | +-- minimatch@2.0.10
129 silly idealTree:prePrune | `-- minimist@1.1.3
129 silly idealTree:prePrune +-- livereload-js@2.2.2
129 silly idealTree:prePrune +-- load-json-file@1.1.0
129 silly idealTree:prePrune +-- lodash._baseslice@4.0.0
129 silly idealTree:prePrune +-- lodash.pad@4.3.0
129 silly idealTree:prePrune +-- lodash.padend@4.4.0
129 silly idealTree:prePrune +-- lodash.padstart@4.4.0
129 silly idealTree:prePrune +-- lodash.tostring@4.1.2
129 silly idealTree:prePrune +-- lodash@3.10.1
129 silly idealTree:prePrune +-- longest@1.0.1
129 silly idealTree:prePrune +-- loud-rejection@1.3.0
129 silly idealTree:prePrune +-- lru-cache@2.7.3
129 silly idealTree:prePrune +-- map-obj@1.0.1
129 silly idealTree:prePrune +-- maxmin@1.1.0
129 silly idealTree:prePrune +-- media-typer@0.3.0
129 silly idealTree:prePrune +-- meow@3.7.0
129 silly idealTree:prePrune +-- merge-descriptors@1.0.1
129 silly idealTree:prePrune +-- methods@1.1.2
129 silly idealTree:prePrune +-- mime-db@1.22.0
129 silly idealTree:prePrune +-- mime-types@2.1.10
129 silly idealTree:prePrune +-- mime@1.3.4
129 silly idealTree:prePrune +-- minimatch@3.0.0
129 silly idealTree:prePrune +-- minimist@1.2.0
129 silly idealTree:prePrune +-- mkdirp@0.5.1
129 silly idealTree:prePrune | `-- minimist@0.0.8
129 silly idealTree:prePrune +-- morgan@1.7.0
129 silly idealTree:prePrune +-- ms@0.7.1
129 silly idealTree:prePrune +-- nan@2.2.1
129 silly idealTree:prePrune +-- negotiator@0.5.3
129 silly idealTree:prePrune +-- node-gyp@3.3.1
129 silly idealTree:prePrune | +-- glob@4.5.3
129 silly idealTree:prePrune | | `-- minimatch@2.0.10
129 silly idealTree:prePrune | `-- minimatch@1.0.0
129 silly idealTree:prePrune +-- node-sass@3.4.2
129 silly idealTree:prePrune | +-- gaze@0.5.2
129 silly idealTree:prePrune | +-- glob@5.0.15
129 silly idealTree:prePrune | | +-- inherits@2.0.1
129 silly idealTree:prePrune | | `-- minimatch@3.0.0
129 silly idealTree:prePrune | +-- globule@0.1.0
129 silly idealTree:prePrune | | `-- glob@3.1.21
129 silly idealTree:prePrune | +-- graceful-fs@1.2.3
129 silly idealTree:prePrune | +-- inherits@1.0.2
129 silly idealTree:prePrune | +-- lodash@1.0.2
129 silly idealTree:prePrune | `-- minimatch@0.2.14
129 silly idealTree:prePrune +-- node-uuid@1.4.7
129 silly idealTree:prePrune +-- nopt@3.0.6
129 silly idealTree:prePrune +-- normalize-package-data@2.3.5
129 silly idealTree:prePrune +-- npmconf@2.1.2
129 silly idealTree:prePrune | `-- semver@4.3.6
129 silly idealTree:prePrune +-- npmlog@2.0.3
129 silly idealTree:prePrune +-- num2fraction@1.2.2
129 silly idealTree:prePrune +-- number-is-nan@1.0.0
129 silly idealTree:prePrune +-- oauth-sign@0.8.1
129 silly idealTree:prePrune +-- object-assign@4.0.1
129 silly idealTree:prePrune +-- on-finished@2.3.0
129 silly idealTree:prePrune +-- on-headers@1.0.1
129 silly idealTree:prePrune +-- once@1.3.3
129 silly idealTree:prePrune +-- onetime@1.1.0
129 silly idealTree:prePrune +-- os-homedir@1.0.1
129 silly idealTree:prePrune +-- os-shim@0.1.3
129 silly idealTree:prePrune +-- os-tmpdir@1.0.1
129 silly idealTree:prePrune +-- osenv@0.1.3
129 silly idealTree:prePrune +-- packet-reader@0.2.0
129 silly idealTree:prePrune +-- pako@0.2.8
129 silly idealTree:prePrune +-- parse-json@2.2.0
129 silly idealTree:prePrune +-- parseurl@1.3.1
129 silly idealTree:prePrune +-- path-array@1.0.1
129 silly idealTree:prePrune +-- path-exists@2.1.0
129 silly idealTree:prePrune +-- path-is-absolute@1.0.0
129 silly idealTree:prePrune +-- path-to-regexp@0.1.7
129 silly idealTree:prePrune +-- path-type@1.1.0
129 silly idealTree:prePrune +-- path@0.12.7
129 silly idealTree:prePrune +-- pg-connection-string@0.1.3
129 silly idealTree:prePrune +-- pg-types@1.10.0
129 silly idealTree:prePrune +-- pg@4.5.2
129 silly idealTree:prePrune | `-- semver@4.3.6
129 silly idealTree:prePrune +-- pgpass@0.0.3
129 silly idealTree:prePrune +-- pify@2.3.0
129 silly idealTree:prePrune +-- pinkie-promise@2.0.0
129 silly idealTree:prePrune +-- pinkie@2.0.4
129 silly idealTree:prePrune +-- pool2@1.3.4
129 silly idealTree:prePrune +-- postcss@4.1.16
129 silly idealTree:prePrune +-- postgres-array@1.0.0
129 silly idealTree:prePrune +-- postgres-bytea@1.0.0
129 silly idealTree:prePrune +-- postgres-date@1.0.1
129 silly idealTree:prePrune +-- postgres-interval@1.0.1
129 silly idealTree:prePrune +-- pretty-bytes@1.0.4
129 silly idealTree:prePrune +-- process-nextick-args@1.0.6
129 silly idealTree:prePrune +-- process@0.11.2
129 silly idealTree:prePrune +-- proto-list@1.2.4
129 silly idealTree:prePrune +-- proxy-addr@1.0.10
129 silly idealTree:prePrune +-- pseudomap@1.0.2
129 silly idealTree:prePrune +-- qs@4.0.0
129 silly idealTree:prePrune +-- range-parser@1.0.3
129 silly idealTree:prePrune +-- raw-body@2.1.6
129 silly idealTree:prePrune | `-- bytes@2.3.0
129 silly idealTree:prePrune +-- read-pkg-up@1.0.1
129 silly idealTree:prePrune +-- read-pkg@1.1.0
129 silly idealTree:prePrune +-- readable-stream@1.1.13
129 silly idealTree:prePrune +-- redent@1.0.0
129 silly idealTree:prePrune +-- repeat-string@1.5.4
129 silly idealTree:prePrune +-- repeating@2.0.0
129 silly idealTree:prePrune +-- request@2.70.0
129 silly idealTree:prePrune | `-- qs@6.1.0
129 silly idealTree:prePrune +-- resolve@1.1.7
129 silly idealTree:prePrune +-- right-align@0.1.3
129 silly idealTree:prePrune +-- rimraf@2.2.8
129 silly idealTree:prePrune +-- sass-graph@2.1.1
129 silly idealTree:prePrune | +-- glob@6.0.4
129 silly idealTree:prePrune | `-- lodash@4.8.2
129 silly idealTree:prePrune +-- semver@5.1.0
129 silly idealTree:prePrune +-- send@0.13.1
129 silly idealTree:prePrune +-- serve-static@1.10.2
129 silly idealTree:prePrune +-- set-immediate-shim@1.0.1
129 silly idealTree:prePrune +-- shelljs@0.3.0
129 silly idealTree:prePrune +-- sigmund@1.0.1
129 silly idealTree:prePrune +-- signal-exit@2.1.2
129 silly idealTree:prePrune +-- simple-backoff@1.0.0
129 silly idealTree:prePrune +-- sntp@1.0.9
129 silly idealTree:prePrune +-- source-map@0.4.4
129 silly idealTree:prePrune +-- spawn-sync@1.0.15
129 silly idealTree:prePrune +-- spdx-correct@1.0.2
129 silly idealTree:prePrune +-- spdx-exceptions@1.0.4
129 silly idealTree:prePrune +-- spdx-expression-parse@1.0.2
129 silly idealTree:prePrune +-- spdx-license-ids@1.2.1
129 silly idealTree:prePrune +-- split@0.3.3
129 silly idealTree:prePrune +-- sprintf-js@1.0.3
129 silly idealTree:prePrune +-- sshpk@1.7.4
129 silly idealTree:prePrune +-- statuses@1.2.1
129 silly idealTree:prePrune +-- string_decoder@0.10.31
129 silly idealTree:prePrune +-- stringstream@0.0.5
129 silly idealTree:prePrune +-- strip-ansi@3.0.1
129 silly idealTree:prePrune +-- strip-bom@2.0.0
129 silly idealTree:prePrune +-- strip-indent@1.0.1
129 silly idealTree:prePrune +-- strip-json-comments@1.0.4
129 silly idealTree:prePrune +-- supports-color@2.0.0
129 silly idealTree:prePrune +-- tar@2.2.1
129 silly idealTree:prePrune +-- through@2.3.8
129 silly idealTree:prePrune +-- tildify@1.0.0
129 silly idealTree:prePrune +-- tiny-lr@0.2.1
129 silly idealTree:prePrune | +-- body-parser@1.14.2
129 silly idealTree:prePrune | | `-- qs@5.2.0
129 silly idealTree:prePrune | `-- qs@5.1.0
129 silly idealTree:prePrune +-- tough-cookie@2.2.2
129 silly idealTree:prePrune +-- trim-newlines@1.0.0
129 silly idealTree:prePrune +-- tunnel-agent@0.4.2
129 silly idealTree:prePrune +-- tweetnacl@0.14.3
129 silly idealTree:prePrune +-- type-is@1.6.12
129 silly idealTree:prePrune +-- typedarray@0.0.6
129 silly idealTree:prePrune +-- uglify-js@2.6.2
129 silly idealTree:prePrune | +-- async@0.2.10
129 silly idealTree:prePrune | `-- source-map@0.5.3
129 silly idealTree:prePrune +-- uglify-to-browserify@1.0.2
129 silly idealTree:prePrune +-- uid-number@0.0.5
129 silly idealTree:prePrune +-- underscore.string@3.2.3
129 silly idealTree:prePrune +-- unpipe@1.0.0
129 silly idealTree:prePrune +-- uri-path@1.0.0
129 silly idealTree:prePrune +-- user-home@1.1.1
129 silly idealTree:prePrune +-- util-deprecate@1.0.2
129 silly idealTree:prePrune +-- util@0.10.3
129 silly idealTree:prePrune +-- utils-merge@1.0.0
129 silly idealTree:prePrune +-- v8flags@2.0.11
129 silly idealTree:prePrune +-- validate-npm-package-license@3.0.1
129 silly idealTree:prePrune +-- vary@1.0.1
129 silly idealTree:prePrune +-- verror@1.3.6
129 silly idealTree:prePrune +-- websocket-driver@0.6.4
129 silly idealTree:prePrune +-- websocket-extensions@0.1.1
129 silly idealTree:prePrune +-- which@1.2.4
129 silly idealTree:prePrune +-- window-size@0.1.0
129 silly idealTree:prePrune +-- wordwrap@0.0.2
129 silly idealTree:prePrune +-- wrappy@1.0.1
129 silly idealTree:prePrune +-- xtend@4.0.1
129 silly idealTree:prePrune +-- yallist@2.0.0
129 silly idealTree:prePrune `-- yargs@3.10.0
129 silly idealTree:prePrune   `-- camelcase@1.2.1
130 silly loadIdealTree Finishing
131 silly currentTree hrr14-athena@1.0.0
131 silly currentTree +-- abbrev@1.0.7
131 silly currentTree +-- accepts@1.2.13
131 silly currentTree +-- align-text@0.1.4
131 silly currentTree +-- amdefine@1.0.0
131 silly currentTree +-- ansi-regex@2.0.0
131 silly currentTree +-- ansi-styles@2.2.1
131 silly currentTree +-- ansi@0.3.1
131 silly currentTree +-- ap@0.2.0
131 silly currentTree +-- are-we-there-yet@1.1.2
131 silly currentTree +-- argparse@1.0.7
131 silly currentTree +-- array-find-index@1.0.1
131 silly currentTree +-- array-flatten@1.1.1
131 silly currentTree +-- array-index@1.0.0
131 silly currentTree +-- asn1@0.2.3
131 silly currentTree +-- assert-plus@0.2.0
131 silly currentTree +-- async-foreach@0.1.3
131 silly currentTree +-- async@1.5.2
131 silly currentTree +-- autoprefixer-core@5.2.1
131 silly currentTree +-- aws-sign2@0.6.0
131 silly currentTree +-- aws4@1.3.2
131 silly currentTree | `-- lru-cache@4.0.1
131 silly currentTree +-- babel-runtime@6.6.1
131 silly currentTree +-- balanced-match@0.3.0
131 silly currentTree +-- basic-auth@1.0.3
131 silly currentTree +-- bl@1.1.2
131 silly currentTree | +-- isarray@1.0.0
131 silly currentTree | `-- readable-stream@2.0.6
131 silly currentTree +-- block-stream@0.0.8
131 silly currentTree +-- bluebird@2.10.2
131 silly currentTree +-- body-parser@1.15.0
131 silly currentTree | +-- http-errors@1.4.0
131 silly currentTree | `-- qs@6.1.0
131 silly currentTree +-- bookshelf@0.9.4
131 silly currentTree +-- boom@2.10.1
131 silly currentTree +-- brace-expansion@1.1.3
131 silly currentTree +-- browserify-zlib@0.1.4
131 silly currentTree +-- browserslist@0.4.0
131 silly currentTree +-- buffer-writer@1.0.1
131 silly currentTree +-- builtin-modules@1.1.1
131 silly currentTree +-- bytes@2.2.0
131 silly currentTree +-- camelcase-keys@2.1.0
131 silly currentTree +-- camelcase@2.1.1
131 silly currentTree +-- caniuse-db@1.0.30000449
131 silly currentTree +-- caseless@0.11.0
131 silly currentTree +-- center-align@0.1.3
131 silly currentTree +-- chalk@1.1.3
131 silly currentTree +-- cli@0.6.6
131 silly currentTree | +-- glob@3.2.11
131 silly currentTree | `-- minimatch@0.3.0
131 silly currentTree +-- cliui@2.1.0
131 silly currentTree +-- coffee-script@1.10.0
131 silly currentTree +-- colors@1.1.2
131 silly currentTree +-- combined-stream@1.0.5
131 silly currentTree +-- commander@2.9.0
131 silly currentTree +-- concat-map@0.0.1
131 silly currentTree +-- concat-stream@1.5.1
131 silly currentTree | +-- isarray@1.0.0
131 silly currentTree | `-- readable-stream@2.0.6
131 silly currentTree +-- config-chain@1.1.10
131 silly currentTree +-- console-browserify@1.1.0
131 silly currentTree +-- content-disposition@0.5.1
131 silly currentTree +-- content-type@1.0.1
131 silly currentTree +-- cookie-signature@1.0.6
131 silly currentTree +-- cookie@0.1.5
131 silly currentTree +-- core-js@2.2.2
131 silly currentTree +-- core-util-is@1.0.2
131 silly currentTree +-- create-error@0.3.1
131 silly currentTree +-- cross-spawn-async@2.2.1
131 silly currentTree | `-- lru-cache@4.0.1
131 silly currentTree +-- cross-spawn@2.2.0
131 silly currentTree +-- cryptiles@2.0.5
131 silly currentTree +-- d@0.1.1
131 silly currentTree +-- dashdash@1.13.0
131 silly currentTree | `-- assert-plus@1.0.0
131 silly currentTree +-- date-now@0.1.4
131 silly currentTree +-- dateformat@1.0.12
131 silly currentTree +-- debug@2.2.0
131 silly currentTree +-- decamelize@1.2.0
131 silly currentTree +-- delayed-stream@1.0.0
131 silly currentTree +-- delegates@1.0.0
131 silly currentTree +-- depd@1.1.0
131 silly currentTree +-- destroy@1.0.4
131 silly currentTree +-- diff@1.3.2
131 silly currentTree +-- dom-serializer@0.1.0
131 silly currentTree | +-- domelementtype@1.1.3
131 silly currentTree | `-- entities@1.1.1
131 silly currentTree +-- domelementtype@1.3.0
131 silly currentTree +-- domhandler@2.3.0
131 silly currentTree +-- domutils@1.5.1
131 silly currentTree +-- double-ended-queue@2.1.0-0
131 silly currentTree +-- each-async@1.1.1
131 silly currentTree +-- ecc-jsbn@0.1.1
131 silly currentTree +-- ee-first@1.1.1
131 silly currentTree +-- entities@1.0.0
131 silly currentTree +-- error-ex@1.3.0
131 silly currentTree +-- es5-ext@0.10.11
131 silly currentTree +-- es6-iterator@2.0.0
131 silly currentTree +-- es6-promise@2.3.0
131 silly currentTree +-- es6-symbol@3.0.2
131 silly currentTree +-- escape-html@1.0.3
131 silly currentTree +-- escape-string-regexp@1.0.5
131 silly currentTree +-- esprima@2.7.2
131 silly currentTree +-- etag@1.7.0
131 silly currentTree +-- eventemitter2@0.4.14
131 silly currentTree +-- exit@0.1.2
131 silly currentTree +-- express@4.13.4
131 silly currentTree +-- extend@3.0.0
131 silly currentTree +-- extsprintf@1.0.2
131 silly currentTree +-- faye-websocket@0.10.0
131 silly currentTree +-- figures@1.5.0
131 silly currentTree +-- finalhandler@0.4.1
131 silly currentTree +-- find-up@1.1.2
131 silly currentTree +-- findup-sync@0.3.0
131 silly currentTree | `-- glob@5.0.15
131 silly currentTree +-- flagged-respawn@0.3.2
131 silly currentTree +-- forever-agent@0.6.1
131 silly currentTree +-- form-data@1.0.0-rc4
131 silly currentTree +-- forwarded@0.1.0
131 silly currentTree +-- fresh@0.3.0
131 silly currentTree +-- fstream@1.0.8
131 silly currentTree +-- gauge@1.2.7
131 silly currentTree +-- gaze@1.0.0
131 silly currentTree +-- generate-function@2.0.0
131 silly currentTree +-- generate-object-property@1.2.0
131 silly currentTree +-- generic-pool@2.1.1
131 silly currentTree +-- get-stdin@4.0.1
131 silly currentTree +-- getobject@0.1.0
131 silly currentTree +-- glob@7.0.3
131 silly currentTree +-- globule@0.2.0
131 silly currentTree | +-- glob@3.2.11
131 silly currentTree | | `-- minimatch@0.3.0
131 silly currentTree | +-- lodash@2.4.2
131 silly currentTree | `-- minimatch@0.2.14
131 silly currentTree +-- graceful-fs@4.1.3
131 silly currentTree +-- graceful-readlink@1.0.1
131 silly currentTree +-- grunt-autoprefixer@3.0.4
131 silly currentTree | +-- ansi-regex@1.1.1
131 silly currentTree | +-- chalk@1.0.0
131 silly currentTree | +-- has-ansi@1.0.3
131 silly currentTree | +-- strip-ansi@2.0.1
131 silly currentTree | `-- supports-color@1.3.1
131 silly currentTree +-- grunt-cli@1.2.0
131 silly currentTree +-- grunt-contrib-jshint@1.0.0
131 silly currentTree +-- grunt-contrib-uglify@1.0.1
131 silly currentTree | `-- lodash@4.8.2
131 silly currentTree +-- grunt-contrib-watch@1.0.0
131 silly currentTree +-- grunt-known-options@1.1.0
131 silly currentTree +-- grunt-legacy-log-utils@1.0.0
131 silly currentTree | `-- lodash@4.3.0
131 silly currentTree +-- grunt-legacy-log@1.0.0
131 silly currentTree +-- grunt-legacy-util@1.0.0
131 silly currentTree | `-- lodash@4.3.0
131 silly currentTree +-- grunt-sass@1.1.0
131 silly currentTree +-- grunt-targethtml@0.2.6
131 silly currentTree | `-- esprima@1.0.4
131 silly currentTree +-- grunt@1.0.1
131 silly currentTree +-- gzip-size@1.0.0
131 silly currentTree +-- har-validator@2.0.6
131 silly currentTree +-- has-ansi@2.0.0
131 silly currentTree +-- has-unicode@2.0.0
131 silly currentTree +-- hashmap@2.0.4
131 silly currentTree +-- hawk@3.1.3
131 silly currentTree +-- hoek@2.16.3
131 silly currentTree +-- hooker@0.2.3
131 silly currentTree +-- hosted-git-info@2.1.4
131 silly currentTree +-- htmlparser2@3.8.3
131 silly currentTree +-- http-errors@1.3.1
131 silly currentTree +-- http-signature@1.1.1
131 silly currentTree +-- iconv-lite@0.4.13
131 silly currentTree +-- indent-string@2.1.0
131 silly currentTree +-- inflection@1.9.0
131 silly currentTree +-- inflight@1.0.4
131 silly currentTree +-- inherits@2.0.1
131 silly currentTree +-- ini@1.3.4
131 silly currentTree +-- interpret@0.6.6
131 silly currentTree +-- ipaddr.js@1.0.5
131 silly currentTree +-- is-absolute@0.1.7
131 silly currentTree +-- is-arrayish@0.2.1
131 silly currentTree +-- is-buffer@1.1.3
131 silly currentTree +-- is-builtin-module@1.0.0
131 silly currentTree +-- is-finite@1.0.1
131 silly currentTree +-- is-my-json-valid@2.13.1
131 silly currentTree +-- is-property@1.0.2
131 silly currentTree +-- is-relative@0.1.3
131 silly currentTree +-- is-typedarray@1.0.0
131 silly currentTree +-- is-utf8@0.2.1
131 silly currentTree +-- isarray@0.0.1
131 silly currentTree +-- isexe@1.1.2
131 silly currentTree +-- isstream@0.1.2
131 silly currentTree +-- jodid25519@1.0.2
131 silly currentTree +-- js-base64@2.1.9
131 silly currentTree +-- js-yaml@3.5.5
131 silly currentTree +-- jsbn@0.1.0
131 silly currentTree +-- jshint@2.9.1
131 silly currentTree | +-- lodash@3.7.0
131 silly currentTree | `-- minimatch@2.0.10
131 silly currentTree +-- json-schema@0.2.2
131 silly currentTree +-- json-stringify-safe@5.0.1
131 silly currentTree +-- jsonpointer@2.0.0
131 silly currentTree +-- jsprim@1.2.2
131 silly currentTree +-- kind-of@3.0.2
131 silly currentTree +-- knex@0.10.0
131 silly currentTree | `-- minimist@1.1.3
131 silly currentTree +-- lazy-cache@1.0.3
131 silly currentTree +-- liftoff@2.0.3
131 silly currentTree | +-- extend@2.0.1
131 silly currentTree | +-- findup-sync@0.2.1
131 silly currentTree | +-- glob@4.3.5
131 silly currentTree | +-- minimatch@2.0.10
131 silly currentTree | `-- minimist@1.1.3
131 silly currentTree +-- livereload-js@2.2.2
131 silly currentTree +-- load-json-file@1.1.0
131 silly currentTree +-- lodash._baseslice@4.0.0
131 silly currentTree +-- lodash.pad@4.3.0
131 silly currentTree +-- lodash.padend@4.4.0
131 silly currentTree +-- lodash.padstart@4.4.0
131 silly currentTree +-- lodash.tostring@4.1.2
131 silly currentTree +-- lodash@3.10.1
131 silly currentTree +-- longest@1.0.1
131 silly currentTree +-- loud-rejection@1.3.0
131 silly currentTree +-- lru-cache@2.7.3
131 silly currentTree +-- map-obj@1.0.1
131 silly currentTree +-- maxmin@1.1.0
131 silly currentTree +-- media-typer@0.3.0
131 silly currentTree +-- meow@3.7.0
131 silly currentTree +-- merge-descriptors@1.0.1
131 silly currentTree +-- methods@1.1.2
131 silly currentTree +-- mime-db@1.22.0
131 silly currentTree +-- mime-types@2.1.10
131 silly currentTree +-- mime@1.3.4
131 silly currentTree +-- minimatch@3.0.0
131 silly currentTree +-- minimist@1.2.0
131 silly currentTree +-- mkdirp@0.5.1
131 silly currentTree | `-- minimist@0.0.8
131 silly currentTree +-- morgan@1.7.0
131 silly currentTree +-- ms@0.7.1
131 silly currentTree +-- nan@2.2.1
131 silly currentTree +-- negotiator@0.5.3
131 silly currentTree +-- node-gyp@3.3.1
131 silly currentTree | +-- glob@4.5.3
131 silly currentTree | | `-- minimatch@2.0.10
131 silly currentTree | `-- minimatch@1.0.0
131 silly currentTree +-- node-sass@3.4.2
131 silly currentTree | +-- gaze@0.5.2
131 silly currentTree | +-- glob@5.0.15
131 silly currentTree | | +-- inherits@2.0.1
131 silly currentTree | | `-- minimatch@3.0.0
131 silly currentTree | +-- globule@0.1.0
131 silly currentTree | | `-- glob@3.1.21
131 silly currentTree | +-- graceful-fs@1.2.3
131 silly currentTree | +-- inherits@1.0.2
131 silly currentTree | +-- lodash@1.0.2
131 silly currentTree | `-- minimatch@0.2.14
131 silly currentTree +-- node-uuid@1.4.7
131 silly currentTree +-- nopt@3.0.6
131 silly currentTree +-- normalize-package-data@2.3.5
131 silly currentTree +-- npmconf@2.1.2
131 silly currentTree | `-- semver@4.3.6
131 silly currentTree +-- npmlog@2.0.3
131 silly currentTree +-- num2fraction@1.2.2
131 silly currentTree +-- number-is-nan@1.0.0
131 silly currentTree +-- oauth-sign@0.8.1
131 silly currentTree +-- object-assign@4.0.1
131 silly currentTree +-- on-finished@2.3.0
131 silly currentTree +-- on-headers@1.0.1
131 silly currentTree +-- once@1.3.3
131 silly currentTree +-- onetime@1.1.0
131 silly currentTree +-- os-homedir@1.0.1
131 silly currentTree +-- os-shim@0.1.3
131 silly currentTree +-- os-tmpdir@1.0.1
131 silly currentTree +-- osenv@0.1.3
131 silly currentTree +-- packet-reader@0.2.0
131 silly currentTree +-- pako@0.2.8
131 silly currentTree +-- parse-json@2.2.0
131 silly currentTree +-- parseurl@1.3.1
131 silly currentTree +-- path-array@1.0.1
131 silly currentTree +-- path-exists@2.1.0
131 silly currentTree +-- path-is-absolute@1.0.0
131 silly currentTree +-- path-to-regexp@0.1.7
131 silly currentTree +-- path-type@1.1.0
131 silly currentTree +-- path@0.12.7
131 silly currentTree +-- pg-connection-string@0.1.3
131 silly currentTree +-- pg-types@1.10.0
131 silly currentTree +-- pg@4.5.2
131 silly currentTree | `-- semver@4.3.6
131 silly currentTree +-- pgpass@0.0.3
131 silly currentTree +-- pify@2.3.0
131 silly currentTree +-- pinkie-promise@2.0.0
131 silly currentTree +-- pinkie@2.0.4
131 silly currentTree +-- pool2@1.3.4
131 silly currentTree +-- postcss@4.1.16
131 silly currentTree +-- postgres-array@1.0.0
131 silly currentTree +-- postgres-bytea@1.0.0
131 silly currentTree +-- postgres-date@1.0.1
131 silly currentTree +-- postgres-interval@1.0.1
131 silly currentTree +-- pretty-bytes@1.0.4
131 silly currentTree +-- process-nextick-args@1.0.6
131 silly currentTree +-- process@0.11.2
131 silly currentTree +-- proto-list@1.2.4
131 silly currentTree +-- proxy-addr@1.0.10
131 silly currentTree +-- pseudomap@1.0.2
131 silly currentTree +-- qs@4.0.0
131 silly currentTree +-- range-parser@1.0.3
131 silly currentTree +-- raw-body@2.1.6
131 silly currentTree | `-- bytes@2.3.0
131 silly currentTree +-- read-pkg-up@1.0.1
131 silly currentTree +-- read-pkg@1.1.0
131 silly currentTree +-- readable-stream@1.1.13
131 silly currentTree +-- redent@1.0.0
131 silly currentTree +-- repeat-string@1.5.4
131 silly currentTree +-- repeating@2.0.0
131 silly currentTree +-- request@2.70.0
131 silly currentTree | `-- qs@6.1.0
131 silly currentTree +-- resolve@1.1.7
131 silly currentTree +-- right-align@0.1.3
131 silly currentTree +-- rimraf@2.2.8
131 silly currentTree +-- sass-graph@2.1.1
131 silly currentTree | +-- glob@6.0.4
131 silly currentTree | `-- lodash@4.8.2
131 silly currentTree +-- semver@5.1.0
131 silly currentTree +-- send@0.13.1
131 silly currentTree +-- serve-static@1.10.2
131 silly currentTree +-- set-immediate-shim@1.0.1
131 silly currentTree +-- shelljs@0.3.0
131 silly currentTree +-- sigmund@1.0.1
131 silly currentTree +-- signal-exit@2.1.2
131 silly currentTree +-- simple-backoff@1.0.0
131 silly currentTree +-- sntp@1.0.9
131 silly currentTree +-- source-map@0.4.4
131 silly currentTree +-- spawn-sync@1.0.15
131 silly currentTree +-- spdx-correct@1.0.2
131 silly currentTree +-- spdx-exceptions@1.0.4
131 silly currentTree +-- spdx-expression-parse@1.0.2
131 silly currentTree +-- spdx-license-ids@1.2.1
131 silly currentTree +-- split@0.3.3
131 silly currentTree +-- sprintf-js@1.0.3
131 silly currentTree +-- sshpk@1.7.4
131 silly currentTree +-- statuses@1.2.1
131 silly currentTree +-- string_decoder@0.10.31
131 silly currentTree +-- stringstream@0.0.5
131 silly currentTree +-- strip-ansi@3.0.1
131 silly currentTree +-- strip-bom@2.0.0
131 silly currentTree +-- strip-indent@1.0.1
131 silly currentTree +-- strip-json-comments@1.0.4
131 silly currentTree +-- supports-color@2.0.0
131 silly currentTree +-- tar@2.2.1
131 silly currentTree +-- through@2.3.8
131 silly currentTree +-- tildify@1.0.0
131 silly currentTree +-- tiny-lr@0.2.1
131 silly currentTree | +-- body-parser@1.14.2
131 silly currentTree | | `-- qs@5.2.0
131 silly currentTree | `-- qs@5.1.0
131 silly currentTree +-- tough-cookie@2.2.2
131 silly currentTree +-- trim-newlines@1.0.0
131 silly currentTree +-- tunnel-agent@0.4.2
131 silly currentTree +-- tweetnacl@0.14.3
131 silly currentTree +-- type-is@1.6.12
131 silly currentTree +-- typedarray@0.0.6
131 silly currentTree +-- uglify-js@2.6.2
131 silly currentTree | +-- async@0.2.10
131 silly currentTree | `-- source-map@0.5.3
131 silly currentTree +-- uglify-to-browserify@1.0.2
131 silly currentTree +-- uid-number@0.0.5
131 silly currentTree +-- underscore.string@3.2.3
131 silly currentTree +-- unpipe@1.0.0
131 silly currentTree +-- uri-path@1.0.0
131 silly currentTree +-- user-home@1.1.1
131 silly currentTree +-- util-deprecate@1.0.2
131 silly currentTree +-- util@0.10.3
131 silly currentTree +-- utils-merge@1.0.0
131 silly currentTree +-- v8flags@2.0.11
131 silly currentTree +-- validate-npm-package-license@3.0.1
131 silly currentTree +-- vary@1.0.1
131 silly currentTree +-- verror@1.3.6
131 silly currentTree +-- websocket-driver@0.6.4
131 silly currentTree +-- websocket-extensions@0.1.1
131 silly currentTree +-- which@1.2.4
131 silly currentTree +-- window-size@0.1.0
131 silly currentTree +-- wordwrap@0.0.2
131 silly currentTree +-- wrappy@1.0.1
131 silly currentTree +-- xtend@4.0.1
131 silly currentTree +-- yallist@2.0.0
131 silly currentTree `-- yargs@3.10.0
131 silly currentTree   `-- camelcase@1.2.1
132 silly idealTree hrr14-athena@1.0.0
132 silly idealTree +-- abbrev@1.0.7
132 silly idealTree +-- accepts@1.2.13
132 silly idealTree +-- align-text@0.1.4
132 silly idealTree +-- amdefine@1.0.0
132 silly idealTree +-- ansi-regex@2.0.0
132 silly idealTree +-- ansi-styles@2.2.1
132 silly idealTree +-- ansi@0.3.1
132 silly idealTree +-- ap@0.2.0
132 silly idealTree +-- are-we-there-yet@1.1.2
132 silly idealTree +-- argparse@1.0.7
132 silly idealTree +-- array-find-index@1.0.1
132 silly idealTree +-- array-flatten@1.1.1
132 silly idealTree +-- array-index@1.0.0
132 silly idealTree +-- asn1@0.2.3
132 silly idealTree +-- assert-plus@0.2.0
132 silly idealTree +-- async-foreach@0.1.3
132 silly idealTree +-- async@1.5.2
132 silly idealTree +-- autoprefixer-core@5.2.1
132 silly idealTree +-- aws-sign2@0.6.0
132 silly idealTree +-- aws4@1.3.2
132 silly idealTree | `-- lru-cache@4.0.1
132 silly idealTree +-- babel-runtime@6.6.1
132 silly idealTree +-- balanced-match@0.3.0
132 silly idealTree +-- basic-auth@1.0.3
132 silly idealTree +-- bcrypt@0.8.5
132 silly idealTree | `-- nan@2.0.5
132 silly idealTree +-- bindings@1.2.1
132 silly idealTree +-- bl@1.1.2
132 silly idealTree | +-- isarray@1.0.0
132 silly idealTree | `-- readable-stream@2.0.6
132 silly idealTree +-- block-stream@0.0.8
132 silly idealTree +-- bluebird@2.10.2
132 silly idealTree +-- body-parser@1.15.0
132 silly idealTree | +-- http-errors@1.4.0
132 silly idealTree | `-- qs@6.1.0
132 silly idealTree +-- bookshelf@0.9.4
132 silly idealTree +-- boom@2.10.1
132 silly idealTree +-- brace-expansion@1.1.3
132 silly idealTree +-- browserify-zlib@0.1.4
132 silly idealTree +-- browserslist@0.4.0
132 silly idealTree +-- buffer-writer@1.0.1
132 silly idealTree +-- builtin-modules@1.1.1
132 silly idealTree +-- bytes@2.2.0
132 silly idealTree +-- camelcase-keys@2.1.0
132 silly idealTree +-- camelcase@2.1.1
132 silly idealTree +-- caniuse-db@1.0.30000449
132 silly idealTree +-- caseless@0.11.0
132 silly idealTree +-- center-align@0.1.3
132 silly idealTree +-- chalk@1.1.3
132 silly idealTree +-- cli@0.6.6
132 silly idealTree | +-- glob@3.2.11
132 silly idealTree | `-- minimatch@0.3.0
132 silly idealTree +-- cliui@2.1.0
132 silly idealTree +-- coffee-script@1.10.0
132 silly idealTree +-- colors@1.1.2
132 silly idealTree +-- combined-stream@1.0.5
132 silly idealTree +-- commander@2.9.0
132 silly idealTree +-- concat-map@0.0.1
132 silly idealTree +-- concat-stream@1.5.1
132 silly idealTree | +-- isarray@1.0.0
132 silly idealTree | `-- readable-stream@2.0.6
132 silly idealTree +-- config-chain@1.1.10
132 silly idealTree +-- console-browserify@1.1.0
132 silly idealTree +-- content-disposition@0.5.1
132 silly idealTree +-- content-type@1.0.1
132 silly idealTree +-- cookie-signature@1.0.6
132 silly idealTree +-- cookie@0.1.5
132 silly idealTree +-- core-js@2.2.2
132 silly idealTree +-- core-util-is@1.0.2
132 silly idealTree +-- create-error@0.3.1
132 silly idealTree +-- cross-spawn-async@2.2.1
132 silly idealTree | `-- lru-cache@4.0.1
132 silly idealTree +-- cross-spawn@2.2.0
132 silly idealTree +-- cryptiles@2.0.5
132 silly idealTree +-- d@0.1.1
132 silly idealTree +-- dashdash@1.13.0
132 silly idealTree | `-- assert-plus@1.0.0
132 silly idealTree +-- date-now@0.1.4
132 silly idealTree +-- dateformat@1.0.12
132 silly idealTree +-- debug@2.2.0
132 silly idealTree +-- decamelize@1.2.0
132 silly idealTree +-- delayed-stream@1.0.0
132 silly idealTree +-- delegates@1.0.0
132 silly idealTree +-- depd@1.1.0
132 silly idealTree +-- destroy@1.0.4
132 silly idealTree +-- diff@1.3.2
132 silly idealTree +-- dom-serializer@0.1.0
132 silly idealTree | +-- domelementtype@1.1.3
132 silly idealTree | `-- entities@1.1.1
132 silly idealTree +-- domelementtype@1.3.0
132 silly idealTree +-- domhandler@2.3.0
132 silly idealTree +-- domutils@1.5.1
132 silly idealTree +-- double-ended-queue@2.1.0-0
132 silly idealTree +-- each-async@1.1.1
132 silly idealTree +-- ecc-jsbn@0.1.1
132 silly idealTree +-- ee-first@1.1.1
132 silly idealTree +-- entities@1.0.0
132 silly idealTree +-- error-ex@1.3.0
132 silly idealTree +-- es5-ext@0.10.11
132 silly idealTree +-- es6-iterator@2.0.0
132 silly idealTree +-- es6-promise@2.3.0
132 silly idealTree +-- es6-symbol@3.0.2
132 silly idealTree +-- escape-html@1.0.3
132 silly idealTree +-- escape-string-regexp@1.0.5
132 silly idealTree +-- esprima@2.7.2
132 silly idealTree +-- etag@1.7.0
132 silly idealTree +-- eventemitter2@0.4.14
132 silly idealTree +-- exit@0.1.2
132 silly idealTree +-- express@4.13.4
132 silly idealTree +-- extend@3.0.0
132 silly idealTree +-- extsprintf@1.0.2
132 silly idealTree +-- faye-websocket@0.10.0
132 silly idealTree +-- figures@1.5.0
132 silly idealTree +-- finalhandler@0.4.1
132 silly idealTree +-- find-up@1.1.2
132 silly idealTree +-- findup-sync@0.3.0
132 silly idealTree | `-- glob@5.0.15
132 silly idealTree +-- flagged-respawn@0.3.2
132 silly idealTree +-- forever-agent@0.6.1
132 silly idealTree +-- form-data@1.0.0-rc4
132 silly idealTree +-- forwarded@0.1.0
132 silly idealTree +-- fresh@0.3.0
132 silly idealTree +-- fstream@1.0.8
132 silly idealTree +-- gauge@1.2.7
132 silly idealTree +-- gaze@1.0.0
132 silly idealTree +-- generate-function@2.0.0
132 silly idealTree +-- generate-object-property@1.2.0
132 silly idealTree +-- generic-pool@2.1.1
132 silly idealTree +-- get-stdin@4.0.1
132 silly idealTree +-- getobject@0.1.0
132 silly idealTree +-- glob@7.0.3
132 silly idealTree +-- globule@0.2.0
132 silly idealTree | +-- glob@3.2.11
132 silly idealTree | | `-- minimatch@0.3.0
132 silly idealTree | +-- lodash@2.4.2
132 silly idealTree | `-- minimatch@0.2.14
132 silly idealTree +-- graceful-fs@4.1.3
132 silly idealTree +-- graceful-readlink@1.0.1
132 silly idealTree +-- grunt-autoprefixer@3.0.4
132 silly idealTree | +-- ansi-regex@1.1.1
132 silly idealTree | +-- chalk@1.0.0
132 silly idealTree | +-- has-ansi@1.0.3
132 silly idealTree | +-- strip-ansi@2.0.1
132 silly idealTree | `-- supports-color@1.3.1
132 silly idealTree +-- grunt-cli@1.2.0
132 silly idealTree +-- grunt-contrib-jshint@1.0.0
132 silly idealTree +-- grunt-contrib-uglify@1.0.1
132 silly idealTree | `-- lodash@4.8.2
132 silly idealTree +-- grunt-contrib-watch@1.0.0
132 silly idealTree +-- grunt-known-options@1.1.0
132 silly idealTree +-- grunt-legacy-log-utils@1.0.0
132 silly idealTree | `-- lodash@4.3.0
132 silly idealTree +-- grunt-legacy-log@1.0.0
132 silly idealTree +-- grunt-legacy-util@1.0.0
132 silly idealTree | `-- lodash@4.3.0
132 silly idealTree +-- grunt-sass@1.1.0
132 silly idealTree +-- grunt-targethtml@0.2.6
132 silly idealTree | `-- esprima@1.0.4
132 silly idealTree +-- grunt@1.0.1
132 silly idealTree +-- gzip-size@1.0.0
132 silly idealTree +-- har-validator@2.0.6
132 silly idealTree +-- has-ansi@2.0.0
132 silly idealTree +-- has-unicode@2.0.0
132 silly idealTree +-- hashmap@2.0.4
132 silly idealTree +-- hawk@3.1.3
132 silly idealTree +-- hoek@2.16.3
132 silly idealTree +-- hooker@0.2.3
132 silly idealTree +-- hosted-git-info@2.1.4
132 silly idealTree +-- htmlparser2@3.8.3
132 silly idealTree +-- http-errors@1.3.1
132 silly idealTree +-- http-signature@1.1.1
132 silly idealTree +-- iconv-lite@0.4.13
132 silly idealTree +-- indent-string@2.1.0
132 silly idealTree +-- inflection@1.9.0
132 silly idealTree +-- inflight@1.0.4
132 silly idealTree +-- inherits@2.0.1
132 silly idealTree +-- ini@1.3.4
132 silly idealTree +-- interpret@0.6.6
132 silly idealTree +-- ipaddr.js@1.0.5
132 silly idealTree +-- is-absolute@0.1.7
132 silly idealTree +-- is-arrayish@0.2.1
132 silly idealTree +-- is-buffer@1.1.3
132 silly idealTree +-- is-builtin-module@1.0.0
132 silly idealTree +-- is-finite@1.0.1
132 silly idealTree +-- is-my-json-valid@2.13.1
132 silly idealTree +-- is-property@1.0.2
132 silly idealTree +-- is-relative@0.1.3
132 silly idealTree +-- is-typedarray@1.0.0
132 silly idealTree +-- is-utf8@0.2.1
132 silly idealTree +-- isarray@0.0.1
132 silly idealTree +-- isexe@1.1.2
132 silly idealTree +-- isstream@0.1.2
132 silly idealTree +-- jodid25519@1.0.2
132 silly idealTree +-- js-base64@2.1.9
132 silly idealTree +-- js-yaml@3.5.5
132 silly idealTree +-- jsbn@0.1.0
132 silly idealTree +-- jshint@2.9.1
132 silly idealTree | +-- lodash@3.7.0
132 silly idealTree | `-- minimatch@2.0.10
132 silly idealTree +-- json-schema@0.2.2
132 silly idealTree +-- json-stringify-safe@5.0.1
132 silly idealTree +-- jsonpointer@2.0.0
132 silly idealTree +-- jsprim@1.2.2
132 silly idealTree +-- kind-of@3.0.2
132 silly idealTree +-- knex@0.10.0
132 silly idealTree | `-- minimist@1.1.3
132 silly idealTree +-- lazy-cache@1.0.3
132 silly idealTree +-- liftoff@2.0.3
132 silly idealTree | +-- extend@2.0.1
132 silly idealTree | +-- findup-sync@0.2.1
132 silly idealTree | +-- glob@4.3.5
132 silly idealTree | +-- minimatch@2.0.10
132 silly idealTree | `-- minimist@1.1.3
132 silly idealTree +-- livereload-js@2.2.2
132 silly idealTree +-- load-json-file@1.1.0
132 silly idealTree +-- lodash._baseslice@4.0.0
132 silly idealTree +-- lodash.pad@4.3.0
132 silly idealTree +-- lodash.padend@4.4.0
132 silly idealTree +-- lodash.padstart@4.4.0
132 silly idealTree +-- lodash.tostring@4.1.2
132 silly idealTree +-- lodash@3.10.1
132 silly idealTree +-- longest@1.0.1
132 silly idealTree +-- loud-rejection@1.3.0
132 silly idealTree +-- lru-cache@2.7.3
132 silly idealTree +-- map-obj@1.0.1
132 silly idealTree +-- maxmin@1.1.0
132 silly idealTree +-- media-typer@0.3.0
132 silly idealTree +-- meow@3.7.0
132 silly idealTree +-- merge-descriptors@1.0.1
132 silly idealTree +-- methods@1.1.2
132 silly idealTree +-- mime-db@1.22.0
132 silly idealTree +-- mime-types@2.1.10
132 silly idealTree +-- mime@1.3.4
132 silly idealTree +-- minimatch@3.0.0
132 silly idealTree +-- minimist@1.2.0
132 silly idealTree +-- mkdirp@0.5.1
132 silly idealTree | `-- minimist@0.0.8
132 silly idealTree +-- morgan@1.7.0
132 silly idealTree +-- ms@0.7.1
132 silly idealTree +-- nan@2.2.1
132 silly idealTree +-- negotiator@0.5.3
132 silly idealTree +-- node-gyp@3.3.1
132 silly idealTree | +-- glob@4.5.3
132 silly idealTree | | `-- minimatch@2.0.10
132 silly idealTree | `-- minimatch@1.0.0
132 silly idealTree +-- node-sass@3.4.2
132 silly idealTree | +-- gaze@0.5.2
132 silly idealTree | +-- glob@5.0.15
132 silly idealTree | | +-- inherits@2.0.1
132 silly idealTree | | `-- minimatch@3.0.0
132 silly idealTree | +-- globule@0.1.0
132 silly idealTree | | `-- glob@3.1.21
132 silly idealTree | +-- graceful-fs@1.2.3
132 silly idealTree | +-- inherits@1.0.2
132 silly idealTree | +-- lodash@1.0.2
132 silly idealTree | `-- minimatch@0.2.14
132 silly idealTree +-- node-uuid@1.4.7
132 silly idealTree +-- nopt@3.0.6
132 silly idealTree +-- normalize-package-data@2.3.5
132 silly idealTree +-- npmconf@2.1.2
132 silly idealTree | `-- semver@4.3.6
132 silly idealTree +-- npmlog@2.0.3
132 silly idealTree +-- num2fraction@1.2.2
132 silly idealTree +-- number-is-nan@1.0.0
132 silly idealTree +-- oauth-sign@0.8.1
132 silly idealTree +-- object-assign@4.0.1
132 silly idealTree +-- on-finished@2.3.0
132 silly idealTree +-- on-headers@1.0.1
132 silly idealTree +-- once@1.3.3
132 silly idealTree +-- onetime@1.1.0
132 silly idealTree +-- os-homedir@1.0.1
132 silly idealTree +-- os-shim@0.1.3
132 silly idealTree +-- os-tmpdir@1.0.1
132 silly idealTree +-- osenv@0.1.3
132 silly idealTree +-- packet-reader@0.2.0
132 silly idealTree +-- pako@0.2.8
132 silly idealTree +-- parse-json@2.2.0
132 silly idealTree +-- parseurl@1.3.1
132 silly idealTree +-- path-array@1.0.1
132 silly idealTree +-- path-exists@2.1.0
132 silly idealTree +-- path-is-absolute@1.0.0
132 silly idealTree +-- path-to-regexp@0.1.7
132 silly idealTree +-- path-type@1.1.0
132 silly idealTree +-- path@0.12.7
132 silly idealTree +-- pg-connection-string@0.1.3
132 silly idealTree +-- pg-types@1.10.0
132 silly idealTree +-- pg@4.5.2
132 silly idealTree | `-- semver@4.3.6
132 silly idealTree +-- pgpass@0.0.3
132 silly idealTree +-- pify@2.3.0
132 silly idealTree +-- pinkie-promise@2.0.0
132 silly idealTree +-- pinkie@2.0.4
132 silly idealTree +-- pool2@1.3.4
132 silly idealTree +-- postcss@4.1.16
132 silly idealTree +-- postgres-array@1.0.0
132 silly idealTree +-- postgres-bytea@1.0.0
132 silly idealTree +-- postgres-date@1.0.1
132 silly idealTree +-- postgres-interval@1.0.1
132 silly idealTree +-- pretty-bytes@1.0.4
132 silly idealTree +-- process-nextick-args@1.0.6
132 silly idealTree +-- process@0.11.2
132 silly idealTree +-- proto-list@1.2.4
132 silly idealTree +-- proxy-addr@1.0.10
132 silly idealTree +-- pseudomap@1.0.2
132 silly idealTree +-- qs@4.0.0
132 silly idealTree +-- range-parser@1.0.3
132 silly idealTree +-- raw-body@2.1.6
132 silly idealTree | `-- bytes@2.3.0
132 silly idealTree +-- read-pkg-up@1.0.1
132 silly idealTree +-- read-pkg@1.1.0
132 silly idealTree +-- readable-stream@1.1.13
132 silly idealTree +-- redent@1.0.0
132 silly idealTree +-- repeat-string@1.5.4
132 silly idealTree +-- repeating@2.0.0
132 silly idealTree +-- request@2.70.0
132 silly idealTree | `-- qs@6.1.0
132 silly idealTree +-- resolve@1.1.7
132 silly idealTree +-- right-align@0.1.3
132 silly idealTree +-- rimraf@2.2.8
132 silly idealTree +-- sass-graph@2.1.1
132 silly idealTree | +-- glob@6.0.4
132 silly idealTree | `-- lodash@4.8.2
132 silly idealTree +-- semver@5.1.0
132 silly idealTree +-- send@0.13.1
132 silly idealTree +-- serve-static@1.10.2
132 silly idealTree +-- set-immediate-shim@1.0.1
132 silly idealTree +-- shelljs@0.3.0
132 silly idealTree +-- sigmund@1.0.1
132 silly idealTree +-- signal-exit@2.1.2
132 silly idealTree +-- simple-backoff@1.0.0
132 silly idealTree +-- sntp@1.0.9
132 silly idealTree +-- source-map@0.4.4
132 silly idealTree +-- spawn-sync@1.0.15
132 silly idealTree +-- spdx-correct@1.0.2
132 silly idealTree +-- spdx-exceptions@1.0.4
132 silly idealTree +-- spdx-expression-parse@1.0.2
132 silly idealTree +-- spdx-license-ids@1.2.1
132 silly idealTree +-- split@0.3.3
132 silly idealTree +-- sprintf-js@1.0.3
132 silly idealTree +-- sshpk@1.7.4
132 silly idealTree +-- statuses@1.2.1
132 silly idealTree +-- string_decoder@0.10.31
132 silly idealTree +-- stringstream@0.0.5
132 silly idealTree +-- strip-ansi@3.0.1
132 silly idealTree +-- strip-bom@2.0.0
132 silly idealTree +-- strip-indent@1.0.1
132 silly idealTree +-- strip-json-comments@1.0.4
132 silly idealTree +-- supports-color@2.0.0
132 silly idealTree +-- tar@2.2.1
132 silly idealTree +-- through@2.3.8
132 silly idealTree +-- tildify@1.0.0
132 silly idealTree +-- tiny-lr@0.2.1
132 silly idealTree | +-- body-parser@1.14.2
132 silly idealTree | | `-- qs@5.2.0
132 silly idealTree | `-- qs@5.1.0
132 silly idealTree +-- tough-cookie@2.2.2
132 silly idealTree +-- trim-newlines@1.0.0
132 silly idealTree +-- tunnel-agent@0.4.2
132 silly idealTree +-- tweetnacl@0.14.3
132 silly idealTree +-- type-is@1.6.12
132 silly idealTree +-- typedarray@0.0.6
132 silly idealTree +-- uglify-js@2.6.2
132 silly idealTree | +-- async@0.2.10
132 silly idealTree | `-- source-map@0.5.3
132 silly idealTree +-- uglify-to-browserify@1.0.2
132 silly idealTree +-- uid-number@0.0.5
132 silly idealTree +-- underscore.string@3.2.3
132 silly idealTree +-- unpipe@1.0.0
132 silly idealTree +-- uri-path@1.0.0
132 silly idealTree +-- user-home@1.1.1
132 silly idealTree +-- util-deprecate@1.0.2
132 silly idealTree +-- util@0.10.3
132 silly idealTree +-- utils-merge@1.0.0
132 silly idealTree +-- v8flags@2.0.11
132 silly idealTree +-- validate-npm-package-license@3.0.1
132 silly idealTree +-- vary@1.0.1
132 silly idealTree +-- verror@1.3.6
132 silly idealTree +-- websocket-driver@0.6.4
132 silly idealTree +-- websocket-extensions@0.1.1
132 silly idealTree +-- which@1.2.4
132 silly idealTree +-- window-size@0.1.0
132 silly idealTree +-- wordwrap@0.0.2
132 silly idealTree +-- wrappy@1.0.1
132 silly idealTree +-- xtend@4.0.1
132 silly idealTree +-- yallist@2.0.0
132 silly idealTree `-- yargs@3.10.0
132 silly idealTree   `-- camelcase@1.2.1
133 silly generateActionsToTake Starting
134 silly install generateActionsToTake
135 silly generateActionsToTake Finishing
136 silly diffTrees action count 3
137 silly diffTrees add nan@2.0.5
138 silly diffTrees add bindings@1.2.1
139 silly diffTrees add bcrypt@0.8.5
140 silly decomposeActions action count 24
141 silly decomposeActions fetch nan@2.0.5
142 silly decomposeActions extract nan@2.0.5
143 silly decomposeActions test nan@2.0.5
144 silly decomposeActions preinstall nan@2.0.5
145 silly decomposeActions build nan@2.0.5
146 silly decomposeActions install nan@2.0.5
147 silly decomposeActions postinstall nan@2.0.5
148 silly decomposeActions finalize nan@2.0.5
149 silly decomposeActions fetch bindings@1.2.1
150 silly decomposeActions extract bindings@1.2.1
151 silly decomposeActions test bindings@1.2.1
152 silly decomposeActions preinstall bindings@1.2.1
153 silly decomposeActions build bindings@1.2.1
154 silly decomposeActions install bindings@1.2.1
155 silly decomposeActions postinstall bindings@1.2.1
156 silly decomposeActions finalize bindings@1.2.1
157 silly decomposeActions fetch bcrypt@0.8.5
158 silly decomposeActions extract bcrypt@0.8.5
159 silly decomposeActions test bcrypt@0.8.5
160 silly decomposeActions preinstall bcrypt@0.8.5
161 silly decomposeActions build bcrypt@0.8.5
162 silly decomposeActions install bcrypt@0.8.5
163 silly decomposeActions postinstall bcrypt@0.8.5
164 silly decomposeActions finalize bcrypt@0.8.5
165 silly executeActions Starting
166 silly install executeActions
167 silly doSerial global-install 0
168 silly doParallel fetch 3
169 verbose correctMkdir C:\Users\Nuggets.David\AppData\Roaming\npm-cache\_locks correctMkdir not in flight; initializing
170 verbose lock using C:\Users\Nuggets.David\AppData\Roaming\npm-cache\_locks\staging-30d90e83fb34d38b.lock for D:\Cloud Storage\Dropbox\JavaScript\HRRB\Greenfield\hrr14-Athena\node_modules\.staging
171 silly doParallel extract 3
172 silly extract nan@2.0.5
173 silly extract bindings@1.2.1
174 silly extract bcrypt@0.8.5
175 verbose unbuild node_modules\.staging\nan-f20f9261
176 verbose unbuild node_modules\.staging\bindings-e7079bfa
177 verbose unbuild node_modules\.staging\bcrypt-b5350c0e
178 silly gentlyRm D:\Cloud Storage\Dropbox\JavaScript\HRRB\Greenfield\hrr14-Athena\node_modules\.staging\nan-f20f9261 is being purged from base D:\Cloud Storage\Dropbox\JavaScript\HRRB\Greenfield\hrr14-Athena
179 verbose gentlyRm don't care about contents; nuking D:\Cloud Storage\Dropbox\JavaScript\HRRB\Greenfield\hrr14-Athena\node_modules\.staging\nan-f20f9261
180 verbose tar unpack C:\Users\Nuggets.David\AppData\Roaming\npm-cache\nan\2.0.5\package.tgz
181 verbose tar unpacking to D:\Cloud Storage\Dropbox\JavaScript\HRRB\Greenfield\hrr14-Athena\node_modules\.staging\nan-f20f9261
182 silly gentlyRm D:\Cloud Storage\Dropbox\JavaScript\HRRB\Greenfield\hrr14-Athena\node_modules\.staging\nan-f20f9261 is being purged
183 verbose gentlyRm don't care about contents; nuking D:\Cloud Storage\Dropbox\JavaScript\HRRB\Greenfield\hrr14-Athena\node_modules\.staging\nan-f20f9261
184 silly gentlyRm D:\Cloud Storage\Dropbox\JavaScript\HRRB\Greenfield\hrr14-Athena\node_modules\.staging\bindings-e7079bfa is being purged from base D:\Cloud Storage\Dropbox\JavaScript\HRRB\Greenfield\hrr14-Athena
185 verbose gentlyRm don't care about contents; nuking D:\Cloud Storage\Dropbox\JavaScript\HRRB\Greenfield\hrr14-Athena\node_modules\.staging\bindings-e7079bfa
186 silly gentlyRm D:\Cloud Storage\Dropbox\JavaScript\HRRB\Greenfield\hrr14-Athena\node_modules\.staging\bcrypt-b5350c0e is being purged from base D:\Cloud Storage\Dropbox\JavaScript\HRRB\Greenfield\hrr14-Athena
187 verbose gentlyRm don't care about contents; nuking D:\Cloud Storage\Dropbox\JavaScript\HRRB\Greenfield\hrr14-Athena\node_modules\.staging\bcrypt-b5350c0e
188 silly gunzTarPerm modes [ '777', '666' ]
189 verbose tar unpack C:\Users\Nuggets.David\AppData\Roaming\npm-cache\bindings\1.2.1\package.tgz
190 verbose tar unpacking to D:\Cloud Storage\Dropbox\JavaScript\HRRB\Greenfield\hrr14-Athena\node_modules\.staging\bindings-e7079bfa
191 silly gentlyRm D:\Cloud Storage\Dropbox\JavaScript\HRRB\Greenfield\hrr14-Athena\node_modules\.staging\bindings-e7079bfa is being purged
192 verbose gentlyRm don't care about contents; nuking D:\Cloud Storage\Dropbox\JavaScript\HRRB\Greenfield\hrr14-Athena\node_modules\.staging\bindings-e7079bfa
193 verbose tar unpack C:\Users\Nuggets.David\AppData\Roaming\npm-cache\bcrypt\0.8.5\package.tgz
194 verbose tar unpacking to D:\Cloud Storage\Dropbox\JavaScript\HRRB\Greenfield\hrr14-Athena\node_modules\.staging\bcrypt-b5350c0e
195 silly gentlyRm D:\Cloud Storage\Dropbox\JavaScript\HRRB\Greenfield\hrr14-Athena\node_modules\.staging\bcrypt-b5350c0e is being purged
196 verbose gentlyRm don't care about contents; nuking D:\Cloud Storage\Dropbox\JavaScript\HRRB\Greenfield\hrr14-Athena\node_modules\.staging\bcrypt-b5350c0e
197 silly gunzTarPerm modes [ '777', '666' ]
198 silly gunzTarPerm modes [ '777', '666' ]
199 silly gunzTarPerm extractEntry package.json
200 silly gunzTarPerm modified mode [ 'package.json', 436, 438 ]
201 silly gunzTarPerm extractEntry package.json
202 silly gunzTarPerm modified mode [ 'package.json', 420, 438 ]
203 silly gunzTarPerm extractEntry package.json
204 silly gunzTarPerm modified mode [ 'package.json', 420, 438 ]
205 silly gunzTarPerm extractEntry README.md
206 silly gunzTarPerm modified mode [ 'README.md', 436, 438 ]
207 silly gunzTarPerm extractEntry include_dirs.js
208 silly gunzTarPerm modified mode [ 'include_dirs.js', 436, 438 ]
209 silly gunzTarPerm extractEntry .npmignore
210 silly gunzTarPerm modified mode [ '.npmignore', 420, 438 ]
211 silly gunzTarPerm extractEntry README.md
212 silly gunzTarPerm modified mode [ 'README.md', 420, 438 ]
213 silly gunzTarPerm extractEntry README.md
214 silly gunzTarPerm modified mode [ 'README.md', 420, 438 ]
215 silly gunzTarPerm extractEntry bindings.js
216 silly gunzTarPerm modified mode [ 'bindings.js', 420, 438 ]
217 silly gunzTarPerm extractEntry LICENSE
218 silly gunzTarPerm modified mode [ 'LICENSE', 420, 438 ]
219 silly gunzTarPerm extractEntry bcrypt.js
220 silly gunzTarPerm modified mode [ 'bcrypt.js', 420, 438 ]
221 silly gunzTarPerm extractEntry nan_converters.h
222 silly gunzTarPerm modified mode [ 'nan_converters.h', 436, 438 ]
223 silly gunzTarPerm extractEntry LICENSE.md
224 silly gunzTarPerm modified mode [ 'LICENSE.md', 436, 438 ]
225 silly gunzTarPerm extractEntry .dntrc
226 silly gunzTarPerm modified mode [ '.dntrc', 436, 438 ]
227 silly gunzTarPerm extractEntry appveyor.yml
228 silly gunzTarPerm modified mode [ 'appveyor.yml', 436, 438 ]
229 silly gunzTarPerm extractEntry binding.gyp
230 silly gunzTarPerm modified mode [ 'binding.gyp', 420, 438 ]
231 silly gunzTarPerm extractEntry .travis.yml
232 silly gunzTarPerm modified mode [ '.travis.yml', 420, 438 ]
233 silly gunzTarPerm extractEntry CHANGELOG.md
234 silly gunzTarPerm modified mode [ 'CHANGELOG.md', 420, 438 ]
235 silly gunzTarPerm extractEntry doc/new.md
236 silly gunzTarPerm modified mode [ 'doc/new.md', 436, 438 ]
237 silly gunzTarPerm extractEntry doc/.build.sh
238 silly gunzTarPerm modified mode [ 'doc/.build.sh', 509, 511 ]
239 silly gunzTarPerm extractEntry examples/async_compare.js
240 silly gunzTarPerm modified mode [ 'examples/async_compare.js', 420, 438 ]
241 silly gunzTarPerm extractEntry examples/forever_gen_salt.js
242 silly gunzTarPerm modified mode [ 'examples/forever_gen_salt.js', 420, 438 ]
243 silly gunzTarPerm extractEntry doc/buffers.md
244 silly gunzTarPerm modified mode [ 'doc/buffers.md', 436, 438 ]
245 silly gunzTarPerm extractEntry doc/callback.md
246 silly gunzTarPerm modified mode [ 'doc/callback.md', 436, 438 ]
247 silly gentlyRm D:\Cloud Storage\Dropbox\JavaScript\HRRB\Greenfield\hrr14-Athena\node_modules\.staging\bindings-e7079bfa\node_modules is being purged
248 verbose gentlyRm don't care about contents; nuking D:\Cloud Storage\Dropbox\JavaScript\HRRB\Greenfield\hrr14-Athena\node_modules\.staging\bindings-e7079bfa\node_modules
249 silly gunzTarPerm extractEntry doc/converters.md
250 silly gunzTarPerm modified mode [ 'doc/converters.md', 436, 438 ]
251 silly gunzTarPerm extractEntry doc/errors.md
252 silly gunzTarPerm modified mode [ 'doc/errors.md', 436, 438 ]
253 silly gunzTarPerm extractEntry doc/maybe_types.md
254 silly gunzTarPerm modified mode [ 'doc/maybe_types.md', 436, 438 ]
255 silly gunzTarPerm extractEntry doc/methods.md
256 silly gunzTarPerm modified mode [ 'doc/methods.md', 436, 438 ]
257 silly gunzTarPerm extractEntry test/async.js
258 silly gunzTarPerm modified mode [ 'test/async.js', 420, 438 ]
259 silly gunzTarPerm extractEntry test/repetitions.js
260 silly gunzTarPerm modified mode [ 'test/repetitions.js', 420, 438 ]
261 silly gunzTarPerm extractEntry doc/asyncworker.md
262 silly gunzTarPerm modified mode [ 'doc/asyncworker.md', 436, 438 ]
263 silly gunzTarPerm extractEntry doc/node_misc.md
264 silly gunzTarPerm modified mode [ 'doc/node_misc.md', 436, 438 ]
265 silly gunzTarPerm extractEntry test/sync.js
266 silly gunzTarPerm modified mode [ 'test/sync.js', 420, 438 ]
267 silly gunzTarPerm extractEntry Makefile
268 silly gunzTarPerm modified mode [ 'Makefile', 420, 438 ]
269 silly gunzTarPerm extractEntry doc/persistent.md
270 silly gunzTarPerm modified mode [ 'doc/persistent.md', 436, 438 ]
271 silly gunzTarPerm extractEntry doc/scopes.md
272 silly gunzTarPerm modified mode [ 'doc/scopes.md', 436, 438 ]
273 silly gunzTarPerm extractEntry src/bcrypt.cc
274 silly gunzTarPerm modified mode [ 'src/bcrypt.cc', 420, 438 ]
275 silly gunzTarPerm extractEntry src/bcrypt_node.cc
276 silly gunzTarPerm modified mode [ 'src/bcrypt_node.cc', 420, 438 ]
277 silly gunzTarPerm extractEntry doc/script.md
278 silly gunzTarPerm modified mode [ 'doc/script.md', 436, 438 ]
279 silly gunzTarPerm extractEntry doc/string_bytes.md
280 silly gunzTarPerm modified mode [ 'doc/string_bytes.md', 436, 438 ]
281 silly gunzTarPerm extractEntry src/blowfish.cc
282 silly gunzTarPerm modified mode [ 'src/blowfish.cc', 420, 438 ]
283 silly gunzTarPerm extractEntry src/node_blf.h
284 silly gunzTarPerm modified mode [ 'src/node_blf.h', 420, 438 ]
285 silly gunzTarPerm extractEntry doc/v8_internals.md
286 silly gunzTarPerm modified mode [ 'doc/v8_internals.md', 436, 438 ]
287 silly gunzTarPerm extractEntry doc/v8_misc.md
288 silly gunzTarPerm modified mode [ 'doc/v8_misc.md', 436, 438 ]
289 silly gunzTarPerm extractEntry nan.h
290 silly gunzTarPerm modified mode [ 'nan.h', 436, 438 ]
291 silly gunzTarPerm extractEntry nan_callbacks.h
292 silly gunzTarPerm modified mode [ 'nan_callbacks.h', 436, 438 ]
293 silly gunzTarPerm extractEntry werker.yml
294 silly gunzTarPerm modified mode [ 'werker.yml', 420, 438 ]
295 silly gunzTarPerm extractEntry nan_callbacks_12_inl.h
296 silly gunzTarPerm modified mode [ 'nan_callbacks_12_inl.h', 436, 438 ]
297 silly gunzTarPerm extractEntry nan_callbacks_pre_12_inl.h
298 silly gunzTarPerm modified mode [ 'nan_callbacks_pre_12_inl.h', 436, 438 ]
299 silly gunzTarPerm extractEntry nan_converters_43_inl.h
300 silly gunzTarPerm modified mode [ 'nan_converters_43_inl.h', 436, 438 ]
301 silly gunzTarPerm extractEntry nan_converters_pre_43_inl.h
302 silly gunzTarPerm modified mode [ 'nan_converters_pre_43_inl.h', 436, 438 ]
303 silly gunzTarPerm extractEntry nan_implementation_12_inl.h
304 silly gunzTarPerm modified mode [ 'nan_implementation_12_inl.h', 436, 438 ]
305 silly gunzTarPerm extractEntry nan_implementation_pre_12_inl.h
306 silly gunzTarPerm modified mode [ 'nan_implementation_pre_12_inl.h', 436, 438 ]
307 silly gunzTarPerm extractEntry nan_maybe_43_inl.h
308 silly gunzTarPerm modified mode [ 'nan_maybe_43_inl.h', 436, 438 ]
309 silly gunzTarPerm extractEntry nan_maybe_pre_43_inl.h
310 silly gunzTarPerm modified mode [ 'nan_maybe_pre_43_inl.h', 436, 438 ]
311 silly gunzTarPerm extractEntry nan_new.h
312 silly gunzTarPerm modified mode [ 'nan_new.h', 436, 438 ]
313 silly gunzTarPerm extractEntry nan_object_wrap.h
314 silly gunzTarPerm modified mode [ 'nan_object_wrap.h', 436, 438 ]
315 silly gunzTarPerm extractEntry nan_persistent_12_inl.h
316 silly gunzTarPerm modified mode [ 'nan_persistent_12_inl.h', 436, 438 ]
317 silly gunzTarPerm extractEntry nan_persistent_pre_12_inl.h
318 silly gunzTarPerm modified mode [ 'nan_persistent_pre_12_inl.h', 436, 438 ]
319 silly gunzTarPerm extractEntry nan_string_bytes.h
320 silly gunzTarPerm modified mode [ 'nan_string_bytes.h', 436, 438 ]
321 silly gunzTarPerm extractEntry nan_weak.h
322 silly gunzTarPerm modified mode [ 'nan_weak.h', 436, 438 ]
323 silly gunzTarPerm extractEntry CHANGELOG.md
324 silly gunzTarPerm modified mode [ 'CHANGELOG.md', 436, 438 ]
325 silly gunzTarPerm extractEntry tools/package.json
326 silly gunzTarPerm modified mode [ 'tools/package.json', 436, 438 ]
327 silly gunzTarPerm extractEntry tools/README.md
328 silly gunzTarPerm modified mode [ 'tools/README.md', 436, 438 ]
329 silly gunzTarPerm extractEntry tools/1to2.js
330 silly gunzTarPerm modified mode [ 'tools/1to2.js', 509, 511 ]
331 silly gentlyRm D:\Cloud Storage\Dropbox\JavaScript\HRRB\Greenfield\hrr14-Athena\node_modules\.staging\bcrypt-b5350c0e\node_modules is being purged
332 verbose gentlyRm don't care about contents; nuking D:\Cloud Storage\Dropbox\JavaScript\HRRB\Greenfield\hrr14-Athena\node_modules\.staging\bcrypt-b5350c0e\node_modules
333 silly gentlyRm D:\Cloud Storage\Dropbox\JavaScript\HRRB\Greenfield\hrr14-Athena\node_modules\.staging\nan-f20f9261\node_modules is being purged
334 verbose gentlyRm don't care about contents; nuking D:\Cloud Storage\Dropbox\JavaScript\HRRB\Greenfield\hrr14-Athena\node_modules\.staging\nan-f20f9261\node_modules
335 silly doParallel preinstall 3
336 silly preinstall nan@2.0.5 D:\Cloud Storage\Dropbox\JavaScript\HRRB\Greenfield\hrr14-Athena\node_modules\.staging\nan-f20f9261
337 info lifecycle nan@2.0.5~preinstall: nan@2.0.5
338 silly preinstall bindings@1.2.1 D:\Cloud Storage\Dropbox\JavaScript\HRRB\Greenfield\hrr14-Athena\node_modules\.staging\bindings-e7079bfa
339 info lifecycle bindings@1.2.1~preinstall: bindings@1.2.1
340 silly preinstall bcrypt@0.8.5 D:\Cloud Storage\Dropbox\JavaScript\HRRB\Greenfield\hrr14-Athena\node_modules\.staging\bcrypt-b5350c0e
341 info lifecycle bcrypt@0.8.5~preinstall: bcrypt@0.8.5
342 silly lifecycle nan@2.0.5~preinstall: no script for preinstall, continuing
343 silly lifecycle bindings@1.2.1~preinstall: no script for preinstall, continuing
344 silly lifecycle bcrypt@0.8.5~preinstall: no script for preinstall, continuing
345 silly doReverseSerial remove 0
346 silly doSerial move 0
347 silly doSerial finalize 3
348 silly finalize D:\Cloud Storage\Dropbox\JavaScript\HRRB\Greenfield\hrr14-Athena\node_modules\bcrypt\node_modules\nan
349 silly finalize D:\Cloud Storage\Dropbox\JavaScript\HRRB\Greenfield\hrr14-Athena\node_modules\bindings
350 silly finalize D:\Cloud Storage\Dropbox\JavaScript\HRRB\Greenfield\hrr14-Athena\node_modules\bcrypt
351 silly doSerial build 3
352 silly build nan@2.0.5
353 info linkStuff nan@2.0.5
354 silly linkStuff nan@2.0.5 has D:\Cloud Storage\Dropbox\JavaScript\HRRB\Greenfield\hrr14-Athena\node_modules\bcrypt\node_modules as its parent node_modules
355 verbose linkBins nan@2.0.5
356 verbose linkMans nan@2.0.5
357 silly build bindings@1.2.1
358 info linkStuff bindings@1.2.1
359 silly linkStuff bindings@1.2.1 has D:\Cloud Storage\Dropbox\JavaScript\HRRB\Greenfield\hrr14-Athena\node_modules as its parent node_modules
360 verbose linkBins bindings@1.2.1
361 verbose linkMans bindings@1.2.1
362 silly build bcrypt@0.8.5
363 info linkStuff bcrypt@0.8.5
364 silly linkStuff bcrypt@0.8.5 has D:\Cloud Storage\Dropbox\JavaScript\HRRB\Greenfield\hrr14-Athena\node_modules as its parent node_modules
365 verbose linkBins bcrypt@0.8.5
366 verbose linkMans bcrypt@0.8.5
367 silly doSerial global-link 0
368 silly doParallel update-linked 0
369 silly doSerial install 3
370 silly install nan@2.0.5 D:\Cloud Storage\Dropbox\JavaScript\HRRB\Greenfield\hrr14-Athena\node_modules\.staging\nan-f20f9261
371 info lifecycle nan@2.0.5~install: nan@2.0.5
372 silly lifecycle nan@2.0.5~install: no script for install, continuing
373 silly install bindings@1.2.1 D:\Cloud Storage\Dropbox\JavaScript\HRRB\Greenfield\hrr14-Athena\node_modules\.staging\bindings-e7079bfa
374 info lifecycle bindings@1.2.1~install: bindings@1.2.1
375 silly lifecycle bindings@1.2.1~install: no script for install, continuing
376 silly install bcrypt@0.8.5 D:\Cloud Storage\Dropbox\JavaScript\HRRB\Greenfield\hrr14-Athena\node_modules\.staging\bcrypt-b5350c0e
377 info lifecycle bcrypt@0.8.5~install: bcrypt@0.8.5
378 verbose lifecycle bcrypt@0.8.5~install: unsafe-perm in lifecycle true
379 verbose lifecycle bcrypt@0.8.5~install: PATH: C:\Program Files\nodejs\node_modules\npm\bin\node-gyp-bin;D:\Cloud Storage\Dropbox\JavaScript\HRRB\Greenfield\hrr14-Athena\node_modules\bcrypt\node_modules\.bin;D:\Cloud Storage\Dropbox\JavaScript\HRRB\Greenfield\hrr14-Athena\node_modules\.bin;C:\Program Files\nodejs;C:\Windows\system32;C:\Windows;C:\Windows\System32\Wbem;C:\Windows\System32\WindowsPowerShell\v1.0\;C:\Program Files (x86)\ATI Technologies\ATI.ACE\Core-Static;C:\Program Files (x86)\AMD\ATI.ACE\Core-Static;C:\Program Files\Calibre2\;C:\Program Files\Git\cmd;C:\Program Files (x86)\Skype\Phone\;C:\Users\Nuggets.David\.dnx\bin;C:\Program Files\Microsoft DNX\Dnvm\;C:\mysql\bin;C:\Users\Nuggets.David\AppData\Roaming\nvm;C:\Program Files\nodejs;C:\Program Files (x86)\Heroku\bin;C:\Program Files (x86)\git\cmd;C:\Program Files\MongoDB\Server\3.2\bin;C:\Program Files\nodejs\;C:\Users\Nuggets.David\AppData\Local\Programs\Python\Python35-32\Scripts\;C:\Users\Nuggets.David\AppData\Local\Programs\Python\Python35-32\;C:\Users\Nuggets.David\AppData\Local\scoop\shims;C:\Users\Nuggets.David\AppData\Local\Programs\Python\Python35\Scripts\;C:\Users\Nuggets.David\AppData\Local\Programs\Python\Python35\;C:\Program Files (x86)\AnonVPN\bin;C:\ProgramData\chocolatey\bin;C:\tools\mysql\current\bin;C:\Users\Nuggets.David\AppData\Roaming\nvm;C:\Program Files\nodejs;C:\Users\Nuggets.David\AppData\Roaming\npm
380 verbose lifecycle bcrypt@0.8.5~install: CWD: D:\Cloud Storage\Dropbox\JavaScript\HRRB\Greenfield\hrr14-Athena\node_modules\bcrypt
381 silly lifecycle bcrypt@0.8.5~install: Args: [ '/d /s /c', 'node-gyp rebuild' ]
382 silly lifecycle bcrypt@0.8.5~install: Returned: code: 1  signal: null
383 info lifecycle bcrypt@0.8.5~install: Failed to exec install script
384 verbose unlock done using C:\Users\Nuggets.David\AppData\Roaming\npm-cache\_locks\staging-30d90e83fb34d38b.lock for D:\Cloud Storage\Dropbox\JavaScript\HRRB\Greenfield\hrr14-Athena\node_modules\.staging
385 silly rollbackFailedOptional Starting
386 silly rollbackFailedOptional Finishing
387 silly runTopLevelLifecycles Starting
388 silly runTopLevelLifecycles Finishing
389 silly install printInstalled
390 verbose stack Error: bcrypt@0.8.5 install: `node-gyp rebuild`
390 verbose stack Exit status 1
390 verbose stack     at EventEmitter.<anonymous> (C:\Program Files\nodejs\node_modules\npm\lib\utils\lifecycle.js:239:16)
390 verbose stack     at emitTwo (events.js:100:13)
390 verbose stack     at EventEmitter.emit (events.js:185:7)
390 verbose stack     at ChildProcess.<anonymous> (C:\Program Files\nodejs\node_modules\npm\lib\utils\spawn.js:24:14)
390 verbose stack     at emitTwo (events.js:100:13)
390 verbose stack     at ChildProcess.emit (events.js:185:7)
390 verbose stack     at maybeClose (internal/child_process.js:850:16)
390 verbose stack     at Process.ChildProcess._handle.onexit (internal/child_process.js:215:5)
391 verbose pkgid bcrypt@0.8.5
392 verbose cwd D:\Cloud Storage\Dropbox\JavaScript\HRRB\Greenfield\hrr14-Athena
393 error Windows_NT 6.3.9600
394 error argv "C:\\Program Files\\nodejs\\node.exe" "C:\\Program Files\\nodejs\\node_modules\\npm\\bin\\npm-cli.js" "install" "bcrypt" "--save"
395 error node v5.10.0
396 error npm  v3.8.3
397 error code ELIFECYCLE
398 error bcrypt@0.8.5 install: `node-gyp rebuild`
398 error Exit status 1
399 error Failed at the bcrypt@0.8.5 install script 'node-gyp rebuild'.
399 error Make sure you have the latest version of node.js and npm installed.
399 error If you do, this is most likely a problem with the bcrypt package,
399 error not with npm itself.
399 error Tell the author that this fails on your system:
399 error     node-gyp rebuild
399 error You can get information on how to open an issue for this project with:
399 error     npm bugs bcrypt
399 error Or if that isn't available, you can get their info via:
399 error     npm owner ls bcrypt
399 error There is likely additional logging output above.
400 verbose exit [ 1, true ]
